#
# There is insufficient memory for the Java Runtime Environment to continue.
# Native memory allocation (mmap) failed to map 526385152 bytes for committing reserved memory.
# Possible reasons:
#   The system is out of physical RAM or swap space
#   In 32 bit mode, the process size limit was hit
# Possible solutions:
#   Reduce memory load on the system
#   Increase physical memory or swap space
#   Check if swap backing store is full
#   Use 64 bit Java on a 64 bit OS
#   Decrease Java heap size (-Xmx/-Xms)
#   Decrease number of Java threads
#   Decrease Java thread stack sizes (-Xss)
#   Set larger code cache with -XX:ReservedCodeCacheSize=
# This output file may be truncated or incomplete.
#
#  Out of Memory Error (os_linux.cpp:2640), pid=11558, tid=0x00007f53fab25700
#
# JRE version: Java(TM) SE Runtime Environment (8.0_151-b12) (build 1.8.0_151-b12)
# Java VM: Java HotSpot(TM) 64-Bit Server VM (25.151-b12 mixed mode linux-amd64 compressed oops)
# Failed to write core dump. Core dumps have been disabled. To enable core dumping, try "ulimit -c unlimited" before starting Java again
#

---------------  T H R E A D  ---------------

Current thread (0x00007f5410083000):  VMThread [stack: 0x00007f53faa25000,0x00007f53fab26000] [id=11571]

Stack: [0x00007f53faa25000,0x00007f53fab26000],  sp=0x00007f53fab24020,  free space=1020k
Native frames: (J=compiled Java code, j=interpreted, Vv=VM code, C=native code)
V  [libjvm.so+0xacb58a]  VMError::report_and_die()+0x2ba
V  [libjvm.so+0x4ff4ab]  report_vm_out_of_memory(char const*, int, unsigned long, VMErrorType, char const*)+0x8b
V  [libjvm.so+0x928113]  os::Linux::commit_memory_impl(char*, unsigned long, bool)+0x103
V  [libjvm.so+0x928669]  os::pd_commit_memory(char*, unsigned long, unsigned long, bool)+0x29
V  [libjvm.so+0x92288a]  os::commit_memory(char*, unsigned long, unsigned long, bool)+0x2a
V  [libjvm.so+0x9973e3]  PSVirtualSpace::expand_by(unsigned long)+0x53
V  [libjvm.so+0x9987e8]  PSYoungGen::resize_generation(unsigned long, unsigned long)+0xf8
V  [libjvm.so+0x997942]  PSYoungGen::resize(unsigned long, unsigned long)+0x22
V  [libjvm.so+0x994c1b]  PSScavenge::invoke_no_policy()+0xf3b
V  [libjvm.so+0x9953a1]  PSScavenge::invoke()+0x41
V  [libjvm.so+0x94c0d0]  ParallelScavengeHeap::failed_mem_allocate(unsigned long)+0x70
V  [libjvm.so+0xaccfa7]  VM_ParallelGCFailedAllocation::doit()+0x97
V  [libjvm.so+0xad4a85]  VM_Operation::evaluate()+0x55
V  [libjvm.so+0xad2e5a]  VMThread::evaluate_operation(VM_Operation*)+0xba
V  [libjvm.so+0xad31de]  VMThread::loop()+0x1ce
V  [libjvm.so+0xad3650]  VMThread::run()+0x70
V  [libjvm.so+0x92a728]  java_start(Thread*)+0x108

VM_Operation (0x00007f541921ebd0): ParallelGCFailedAllocation, mode: safepoint, requested by thread 0x00007f541000d000


---------------  P R O C E S S  ---------------

Java Threads: ( => current thread )
  0x00007f5410101800 JavaThread "Monitor Ctrl-Break" daemon [_thread_in_native, id=11588, stack(0x00007f53f998e000,0x00007f53f9a8f000)]
  0x00007f54100d6800 JavaThread "Service Thread" daemon [_thread_blocked, id=11586, stack(0x00007f53f9d92000,0x00007f53f9e93000)]
  0x00007f54100cb800 JavaThread "C1 CompilerThread3" daemon [_thread_blocked, id=11585, stack(0x00007f53f9e93000,0x00007f53f9f94000)]
  0x00007f54100c9000 JavaThread "C2 CompilerThread2" daemon [_thread_blocked, id=11584, stack(0x00007f53f9f94000,0x00007f53fa095000)]
  0x00007f54100c7800 JavaThread "C2 CompilerThread1" daemon [_thread_blocked, id=11583, stack(0x00007f53fa095000,0x00007f53fa196000)]
  0x00007f54100c4800 JavaThread "C2 CompilerThread0" daemon [_thread_blocked, id=11582, stack(0x00007f53fa196000,0x00007f53fa297000)]
  0x00007f54100c3000 JavaThread "Signal Dispatcher" daemon [_thread_blocked, id=11581, stack(0x00007f53fa297000,0x00007f53fa398000)]
  0x00007f541008f800 JavaThread "Finalizer" daemon [_thread_blocked, id=11573, stack(0x00007f53fa823000,0x00007f53fa924000)]
  0x00007f541008a800 JavaThread "Reference Handler" daemon [_thread_blocked, id=11572, stack(0x00007f53fa924000,0x00007f53faa25000)]
  0x00007f541000d000 JavaThread "main" [_thread_blocked, id=11559, stack(0x00007f5419121000,0x00007f5419222000)]

Other Threads:
=>0x00007f5410083000 VMThread [stack: 0x00007f53faa25000,0x00007f53fab26000] [id=11571]
  0x00007f54100d9800 WatcherThread [stack: 0x00007f53f9c91000,0x00007f53f9d92000] [id=11587]

VM state:at safepoint (normal execution)

VM Mutex/Monitor currently owned by a thread:  ([mutex/lock_event])
[0x00007f54100095a0] Threads_lock - owner thread: 0x00007f5410083000
[0x00007f5410009aa0] Heap_lock - owner thread: 0x00007f541000d000

Heap:
 PSYoungGen      total 520704K, used 192K [0x000000076d580000, 0x000000078da80000, 0x00000007c0000000)
  eden space 512000K, 0% used [0x000000076d580000,0x000000076d580000,0x000000078c980000)
  from space 8704K, 2% used [0x000000078c980000,0x000000078c9b0000,0x000000078d200000)
  to   space 8704K, 0% used [0x000000078d200000,0x000000078d200000,0x000000078da80000)
 ParOldGen       total 169472K, used 5882K [0x00000006c8000000, 0x00000006d2580000, 0x000000076d580000)
  object space 169472K, 3% used [0x00000006c8000000,0x00000006c85beb90,0x00000006d2580000)
 Metaspace       used 12884K, capacity 13066K, committed 13440K, reserved 1060864K
  class space    used 1469K, capacity 1554K, committed 1664K, reserved 1048576K

Card table byte_map: [0x00007f54156ff000,0x00007f5415ec0000] byte_map_base: 0x00007f54120bf000

Marking Bits: (ParMarkBitMap*) 0x00007f54185f1f80
 Begin Bits: [0x00007f53c4400000, 0x00007f53c8200000)
 End Bits:   [0x00007f53c8200000, 0x00007f53cc000000)

Polling page: 0x00007f5419242000

CodeCache: size=245760Kb used=6971Kb max_used=6990Kb free=238788Kb
 bounds [0x00007f5401000000, 0x00007f54016f0000, 0x00007f5410000000]
 total_blobs=2202 nmethods=1785 adapters=331
 compilation: enabled

Compilation events (10 events):
Event: 2.579 Thread 0x00007f54100c4800 1795       4       com.esotericsoftware.kryo.serializers.TimeSerializers$ZoneOffsetSerializer::<init> (5 bytes)
Event: 2.579 Thread 0x00007f54100c7800 nmethod 1790 0x00007f54015d1850 code [0x00007f54015d19a0, 0x00007f54015d19f8]
Event: 2.579 Thread 0x00007f54100c7800 1792       4       com.esotericsoftware.kryo.serializers.TimeSerializers$LocalDateSerializer::<init> (5 bytes)
Event: 2.579 Thread 0x00007f54100c9000 nmethod 1791 0x00007f54015d1650 code [0x00007f54015d17a0, 0x00007f54015d17f8]
Event: 2.579 Thread 0x00007f54100c9000 1794       4       com.esotericsoftware.kryo.serializers.TimeSerializers$LocalDateTimeSerializer::<init> (5 bytes)
Event: 2.579 Thread 0x00007f54100c4800 nmethod 1795 0x00007f54016aef50 code [0x00007f54016af0a0, 0x00007f54016af0f8]
Event: 2.579 Thread 0x00007f54100c9000 nmethod 1794 0x00007f54016aed50 code [0x00007f54016aeea0, 0x00007f54016aeef8]
Event: 2.579 Thread 0x00007f54100c7800 nmethod 1792 0x00007f54016aeb50 code [0x00007f54016aeca0, 0x00007f54016aecf8]
Event: 2.599 Thread 0x00007f54100c4800 1796       4       java.lang.Math::getExponent (17 bytes)
Event: 2.599 Thread 0x00007f54100c4800 nmethod 1796 0x00007f54016ae950 code [0x00007f54016aea80, 0x00007f54016aead8]

GC Heap History (10 events):
Event: 1.400 GC heap after
Heap after GC invocations=2 (full 0):
 PSYoungGen      total 138240K, used 6932K [0x000000076d580000, 0x0000000776680000, 0x00000007c0000000)
  eden space 128000K, 0% used [0x000000076d580000,0x000000076d580000,0x0000000775280000)
  from space 10240K, 67% used [0x0000000775c80000,0x0000000776345168,0x0000000776680000)
  to   space 10240K, 0% used [0x0000000775280000,0x0000000775280000,0x0000000775c80000)
 ParOldGen       total 169472K, used 24K [0x00000006c8000000, 0x00000006d2580000, 0x000000076d580000)
  object space 169472K, 0% used [0x00000006c8000000,0x00000006c8006000,0x00000006d2580000)
 Metaspace       used 12876K, capacity 13066K, committed 13440K, reserved 1060864K
  class space    used 1467K, capacity 1554K, committed 1664K, reserved 1048576K
}
Event: 1.668 GC heap before
{Heap before GC invocations=3 (full 0):
 PSYoungGen      total 138240K, used 134932K [0x000000076d580000, 0x0000000776680000, 0x00000007c0000000)
  eden space 128000K, 100% used [0x000000076d580000,0x0000000775280000,0x0000000775280000)
  from space 10240K, 67% used [0x0000000775c80000,0x0000000776345168,0x0000000776680000)
  to   space 10240K, 0% used [0x0000000775280000,0x0000000775280000,0x0000000775c80000)
 ParOldGen       total 169472K, used 24K [0x00000006c8000000, 0x00000006d2580000, 0x000000076d580000)
  object space 169472K, 0% used [0x00000006c8000000,0x00000006c8006000,0x00000006d2580000)
 Metaspace       used 12879K, capacity 13066K, committed 13440K, reserved 1060864K
  class space    used 1467K, capacity 1554K, committed 1664K, reserved 1048576K
Event: 1.676 GC heap after
Heap after GC invocations=3 (full 0):
 PSYoungGen      total 138240K, used 5866K [0x000000076d580000, 0x000000077e380000, 0x00000007c0000000)
  eden space 128000K, 0% used [0x000000076d580000,0x000000076d580000,0x0000000775280000)
  from space 10240K, 57% used [0x0000000775280000,0x000000077583a980,0x0000000775c80000)
  to   space 10240K, 0% used [0x000000077d980000,0x000000077d980000,0x000000077e380000)
 ParOldGen       total 169472K, used 32K [0x00000006c8000000, 0x00000006d2580000, 0x000000076d580000)
  object space 169472K, 0% used [0x00000006c8000000,0x00000006c8008000,0x00000006d2580000)
 Metaspace       used 12879K, capacity 13066K, committed 13440K, reserved 1060864K
  class space    used 1467K, capacity 1554K, committed 1664K, reserved 1048576K
}
Event: 1.886 GC heap before
{Heap before GC invocations=4 (full 0):
 PSYoungGen      total 138240K, used 133866K [0x000000076d580000, 0x000000077e380000, 0x00000007c0000000)
  eden space 128000K, 100% used [0x000000076d580000,0x0000000775280000,0x0000000775280000)
  from space 10240K, 57% used [0x0000000775280000,0x000000077583a980,0x0000000775c80000)
  to   space 10240K, 0% used [0x000000077d980000,0x000000077d980000,0x000000077e380000)
 ParOldGen       total 169472K, used 32K [0x00000006c8000000, 0x00000006d2580000, 0x000000076d580000)
  object space 169472K, 0% used [0x00000006c8000000,0x00000006c8008000,0x00000006d2580000)
 Metaspace       used 12879K, capacity 13066K, committed 13440K, reserved 1060864K
  class space    used 1467K, capacity 1554K, committed 1664K, reserved 1048576K
Event: 1.891 GC heap after
Heap after GC invocations=4 (full 0):
 PSYoungGen      total 266240K, used 5834K [0x000000076d580000, 0x000000077e380000, 0x00000007c0000000)
  eden space 256000K, 0% used [0x000000076d580000,0x000000076d580000,0x000000077cf80000)
  from space 10240K, 56% used [0x000000077d980000,0x000000077df32960,0x000000077e380000)
  to   space 10240K, 0% used [0x000000077cf80000,0x000000077cf80000,0x000000077d980000)
 ParOldGen       total 169472K, used 40K [0x00000006c8000000, 0x00000006d2580000, 0x000000076d580000)
  object space 169472K, 0% used [0x00000006c8000000,0x00000006c800a000,0x00000006d2580000)
 Metaspace       used 12879K, capacity 13066K, committed 13440K, reserved 1060864K
  class space    used 1467K, capacity 1554K, committed 1664K, reserved 1048576K
}
Event: 2.298 GC heap before
{Heap before GC invocations=5 (full 0):
 PSYoungGen      total 266240K, used 261834K [0x000000076d580000, 0x000000077e380000, 0x00000007c0000000)
  eden space 256000K, 100% used [0x000000076d580000,0x000000077cf80000,0x000000077cf80000)
  from space 10240K, 56% used [0x000000077d980000,0x000000077df32960,0x000000077e380000)
  to   space 10240K, 0% used [0x000000077cf80000,0x000000077cf80000,0x000000077d980000)
 ParOldGen       total 169472K, used 40K [0x00000006c8000000, 0x00000006d2580000, 0x000000076d580000)
  object space 169472K, 0% used [0x00000006c8000000,0x00000006c800a000,0x00000006d2580000)
 Metaspace       used 12880K, capacity 13066K, committed 13440K, reserved 1060864K
  class space    used 1468K, capacity 1554K, committed 1664K, reserved 1048576K
Event: 2.304 GC heap after
Heap after GC invocations=5 (full 0):
 PSYoungGen      total 266240K, used 5898K [0x000000076d580000, 0x000000078da80000, 0x00000007c0000000)
  eden space 256000K, 0% used [0x000000076d580000,0x000000076d580000,0x000000077cf80000)
  from space 10240K, 57% used [0x000000077cf80000,0x000000077d542980,0x000000077d980000)
  to   space 8704K, 0% used [0x000000078d200000,0x000000078d200000,0x000000078da80000)
 ParOldGen       total 169472K, used 48K [0x00000006c8000000, 0x00000006d2580000, 0x000000076d580000)
  object space 169472K, 0% used [0x00000006c8000000,0x00000006c800c000,0x00000006d2580000)
 Metaspace       used 12880K, capacity 13066K, committed 13440K, reserved 1060864K
  class space    used 1468K, capacity 1554K, committed 1664K, reserved 1048576K
}
Event: 2.628 GC heap before
{Heap before GC invocations=6 (full 0):
 PSYoungGen      total 266240K, used 261898K [0x000000076d580000, 0x000000078da80000, 0x00000007c0000000)
  eden space 256000K, 100% used [0x000000076d580000,0x000000077cf80000,0x000000077cf80000)
  from space 10240K, 57% used [0x000000077cf80000,0x000000077d542980,0x000000077d980000)
  to   space 8704K, 0% used [0x000000078d200000,0x000000078d200000,0x000000078da80000)
 ParOldGen       total 169472K, used 48K [0x00000006c8000000, 0x00000006d2580000, 0x000000076d580000)
  object space 169472K, 0% used [0x00000006c8000000,0x00000006c800c000,0x00000006d2580000)
 Metaspace       used 12884K, capacity 13066K, committed 13440K, reserved 1060864K
  class space    used 1469K, capacity 1554K, committed 1664K, reserved 1048576K
Event: 2.632 GC heap after
Heap after GC invocations=6 (full 0):
 PSYoungGen      total 520704K, used 5914K [0x000000076d580000, 0x000000078da80000, 0x00000007c0000000)
  eden space 512000K, 0% used [0x000000076d580000,0x000000076d580000,0x000000078c980000)
  from space 8704K, 67% used [0x000000078d200000,0x000000078d7c6970,0x000000078da80000)
  to   space 8704K, 0% used [0x000000078c980000,0x000000078c980000,0x000000078d200000)
 ParOldGen       total 169472K, used 56K [0x00000006c8000000, 0x00000006d2580000, 0x000000076d580000)
  object space 169472K, 0% used [0x00000006c8000000,0x00000006c800e000,0x00000006d2580000)
 Metaspace       used 12884K, capacity 13066K, committed 13440K, reserved 1060864K
  class space    used 1469K, capacity 1554K, committed 1664K, reserved 1048576K
}
Event: 3.312 GC heap before
{Heap before GC invocations=7 (full 0):
 PSYoungGen      total 520704K, used 517914K [0x000000076d580000, 0x000000078da80000, 0x00000007c0000000)
  eden space 512000K, 100% used [0x000000076d580000,0x000000078c980000,0x000000078c980000)
  from space 8704K, 67% used [0x000000078d200000,0x000000078d7c6970,0x000000078da80000)
  to   space 8704K, 0% used [0x000000078c980000,0x000000078c980000,0x000000078d200000)
 ParOldGen       total 169472K, used 56K [0x00000006c8000000, 0x00000006d2580000, 0x000000076d580000)
  object space 169472K, 0% used [0x00000006c8000000,0x00000006c800e000,0x00000006d2580000)
 Metaspace       used 12884K, capacity 13066K, committed 13440K, reserved 1060864K
  class space    used 1469K, capacity 1554K, committed 1664K, reserved 1048576K

Deoptimization events (10 events):
Event: 1.266 Thread 0x00007f541000d000 Uncommon trap: reason=null_check action=make_not_entrant pc=0x00007f54014f622c method=com.esotericsoftware.kryo.util.ObjectMap.put_internal(Ljava/lang/Object;Ljava/lang/Object;)Ljava/lang/Object; @ 125
Event: 1.303 Thread 0x00007f541000d000 Uncommon trap: reason=null_check action=make_not_entrant pc=0x00007f540152e534 method=com.esotericsoftware.kryo.util.Util.getElementClass(Ljava/lang/Class;)Ljava/lang/Class; @ 3
Event: 1.314 Thread 0x00007f541000d000 Uncommon trap: reason=null_check action=make_not_entrant pc=0x00007f5401548e68 method=com.esotericsoftware.kryo.Kryo.isFinal(Ljava/lang/Class;)Z @ 25
Event: 1.317 Thread 0x00007f541000d000 Uncommon trap: reason=null_check action=make_not_entrant pc=0x00007f540153ef9c method=com.esotericsoftware.kryo.Kryo.isFinal(Ljava/lang/Class;)Z @ 33
Event: 1.943 Thread 0x00007f541000d000 Uncommon trap: reason=null_check action=make_not_entrant pc=0x00007f540163c55c method=com.esotericsoftware.kryo.util.ObjectMap.get(Ljava/lang/Object;)Ljava/lang/Object; @ 19
Event: 2.035 Thread 0x00007f541000d000 Uncommon trap: reason=null_check action=make_not_entrant pc=0x00007f540162fb58 method=com.esotericsoftware.kryo.util.ObjectMap.get(Ljava/lang/Object;)Ljava/lang/Object; @ 38
Event: 2.038 Thread 0x00007f541000d000 Uncommon trap: reason=null_check action=make_not_entrant pc=0x00007f54016657c4 method=com.esotericsoftware.kryo.util.ObjectMap.get(Ljava/lang/Object;)Ljava/lang/Object; @ 38
Event: 2.049 Thread 0x00007f541000d000 Uncommon trap: reason=null_check action=make_not_entrant pc=0x00007f540166ff90 method=com.esotericsoftware.kryo.util.ObjectMap.get(Ljava/lang/Object;)Ljava/lang/Object; @ 38
Event: 2.063 Thread 0x00007f541000d000 Uncommon trap: reason=null_check action=make_not_entrant pc=0x00007f540162cac8 method=com.esotericsoftware.kryo.util.ObjectMap.get(Ljava/lang/Object;)Ljava/lang/Object; @ 57
Event: 2.092 Thread 0x00007f541000d000 Uncommon trap: reason=null_check action=make_not_entrant pc=0x00007f5401676afc method=com.esotericsoftware.kryo.util.ObjectMap.get(Ljava/lang/Object;)Ljava/lang/Object; @ 57

Internal exceptions (10 events):
Event: 1.081 Thread 0x00007f541000d000 Implicit null exception at 0x00007f540124bbf6 to 0x00007f540124bfb5
Event: 1.236 Thread 0x00007f541000d000 Implicit null exception at 0x00007f54014d54a0 to 0x00007f54014d5dd1
Event: 1.249 Thread 0x00007f541000d000 Implicit null exception at 0x00007f54014e4824 to 0x00007f54014e50d1
Event: 1.266 Thread 0x00007f541000d000 Implicit null exception at 0x00007f54014f592d to 0x00007f54014f61ed
Event: 1.943 Thread 0x00007f541000d000 Implicit null exception at 0x00007f5401636f0a to 0x00007f540163c509
Event: 2.035 Thread 0x00007f541000d000 Implicit null exception at 0x00007f540162f021 to 0x00007f540162fb39
Event: 2.038 Thread 0x00007f541000d000 Implicit null exception at 0x00007f5401664736 to 0x00007f540166579d
Event: 2.049 Thread 0x00007f541000d000 Implicit null exception at 0x00007f540166cbcb to 0x00007f540166ff2d
Event: 2.063 Thread 0x00007f541000d000 Implicit null exception at 0x00007f540162c105 to 0x00007f540162caa5
Event: 2.092 Thread 0x00007f541000d000 Implicit null exception at 0x00007f5401675bea to 0x00007f5401676ad5

Events (10 events):
Event: 2.227 loading class com/esotericsoftware/kryo/serializers/OptionalSerializers$1 done
Event: 2.298 Executing VM operation: ParallelGCFailedAllocation
Event: 2.304 Executing VM operation: ParallelGCFailedAllocation done
Event: 2.454 loading class java/lang/Class$EnclosingMethodInfo
Event: 2.455 loading class java/lang/Class$EnclosingMethodInfo done
Event: 2.564 loading class com/esotericsoftware/kryo/serializers/TimeSerializers$1
Event: 2.564 loading class com/esotericsoftware/kryo/serializers/TimeSerializers$1 done
Event: 2.628 Executing VM operation: ParallelGCFailedAllocation
Event: 2.632 Executing VM operation: ParallelGCFailedAllocation done
Event: 3.312 Executing VM operation: ParallelGCFailedAllocation


Dynamic libraries:
00400000-00401000 r-xp 00000000 08:12 2626127                            /opt/jdk/bin/java
00600000-00601000 rw-p 00000000 08:12 2626127                            /opt/jdk/bin/java
007bf000-007e0000 rw-p 00000000 00:00 0                                  [heap]
6c8000000-6d2580000 rw-p 00000000 00:00 0 
6d2580000-76d580000 ---p 00000000 00:00 0 
76d580000-78da80000 rw-p 00000000 00:00 0 
7ad080000-7c0000000 ---p 00000000 00:00 0 
7c0000000-7c01a0000 rw-p 00000000 00:00 0 
7c01a0000-800000000 ---p 00000000 00:00 0 
7f5382ff6000-7f5382ff7000 ---p 00000000 00:00 0 
7f5382ff7000-7f53837f7000 rw-p 00000000 00:00 0 
7f53837f7000-7f53837f8000 ---p 00000000 00:00 0 
7f53837f8000-7f5383ff8000 rw-p 00000000 00:00 0 
7f5383ff8000-7f5383ff9000 ---p 00000000 00:00 0 
7f5383ff9000-7f53847f9000 rw-p 00000000 00:00 0 
7f53847f9000-7f53847fa000 ---p 00000000 00:00 0 
7f53847fa000-7f5384ffa000 rw-p 00000000 00:00 0 
7f5388000000-7f5388021000 rw-p 00000000 00:00 0 
7f5388021000-7f538c000000 ---p 00000000 00:00 0 
7f538c000000-7f538c021000 rw-p 00000000 00:00 0 
7f538c021000-7f5390000000 ---p 00000000 00:00 0 
7f5390000000-7f5390021000 rw-p 00000000 00:00 0 
7f5390021000-7f5394000000 ---p 00000000 00:00 0 
7f5394000000-7f5394021000 rw-p 00000000 00:00 0 
7f5394021000-7f5398000000 ---p 00000000 00:00 0 
7f5398000000-7f5398021000 rw-p 00000000 00:00 0 
7f5398021000-7f539c000000 ---p 00000000 00:00 0 
7f539c000000-7f539c068000 rw-p 00000000 00:00 0 
7f539c068000-7f53a0000000 ---p 00000000 00:00 0 
7f53a0000000-7f53a0484000 rw-p 00000000 00:00 0 
7f53a0484000-7f53a4000000 ---p 00000000 00:00 0 
7f53a4000000-7f53a4021000 rw-p 00000000 00:00 0 
7f53a4021000-7f53a8000000 ---p 00000000 00:00 0 
7f53a8000000-7f53a8eb1000 rw-p 00000000 00:00 0 
7f53a8eb1000-7f53ac000000 ---p 00000000 00:00 0 
7f53ac000000-7f53acddb000 rw-p 00000000 00:00 0 
7f53acddb000-7f53b0000000 ---p 00000000 00:00 0 
7f53b0000000-7f53b0021000 rw-p 00000000 00:00 0 
7f53b0021000-7f53b4000000 ---p 00000000 00:00 0 
7f53b4000000-7f53b539f000 rw-p 00000000 00:00 0 
7f53b539f000-7f53b8000000 ---p 00000000 00:00 0 
7f53b8000000-7f53b8021000 rw-p 00000000 00:00 0 
7f53b8021000-7f53bc000000 ---p 00000000 00:00 0 
7f53bc000000-7f53bc021000 rw-p 00000000 00:00 0 
7f53bc021000-7f53c0000000 ---p 00000000 00:00 0 
7f53c0000000-7f53c0296000 rw-p 00000000 00:00 0 
7f53c0296000-7f53c4000000 ---p 00000000 00:00 0 
7f53c4400000-7f53cc000000 rw-p 00000000 00:00 0 
7f53cc000000-7f53cc021000 rw-p 00000000 00:00 0 
7f53cc021000-7f53d0000000 ---p 00000000 00:00 0 
7f53d0000000-7f53d0021000 rw-p 00000000 00:00 0 
7f53d0021000-7f53d4000000 ---p 00000000 00:00 0 
7f53d4000000-7f53d4021000 rw-p 00000000 00:00 0 
7f53d4021000-7f53d8000000 ---p 00000000 00:00 0 
7f53d8000000-7f53d8021000 rw-p 00000000 00:00 0 
7f53d8021000-7f53dc000000 ---p 00000000 00:00 0 
7f53dc000000-7f53dc021000 rw-p 00000000 00:00 0 
7f53dc021000-7f53e0000000 ---p 00000000 00:00 0 
7f53e0000000-7f53e0021000 rw-p 00000000 00:00 0 
7f53e0021000-7f53e4000000 ---p 00000000 00:00 0 
7f53e4000000-7f53e4021000 rw-p 00000000 00:00 0 
7f53e4021000-7f53e8000000 ---p 00000000 00:00 0 
7f53eb7ff000-7f53eb800000 ---p 00000000 00:00 0 
7f53eb800000-7f53ec000000 rw-p 00000000 00:00 0 
7f53ec000000-7f53ec021000 rw-p 00000000 00:00 0 
7f53ec021000-7f53f0000000 ---p 00000000 00:00 0 
7f53f047c000-7f53f047d000 ---p 00000000 00:00 0 
7f53f047d000-7f53f0c7d000 rw-p 00000000 00:00 0 
7f53f0c7d000-7f53f0def000 r-xp 00000000 08:12 3287189                    /usr/lib/x86_64-linux-gnu/libstdc++.so.6.0.21
7f53f0def000-7f53f0fef000 ---p 00172000 08:12 3287189                    /usr/lib/x86_64-linux-gnu/libstdc++.so.6.0.21
7f53f0fef000-7f53f0ff9000 r--p 00172000 08:12 3287189                    /usr/lib/x86_64-linux-gnu/libstdc++.so.6.0.21
7f53f0ff9000-7f53f0ffb000 rw-p 0017c000 08:12 3287189                    /usr/lib/x86_64-linux-gnu/libstdc++.so.6.0.21
7f53f0ffb000-7f53f4000000 rw-p 00000000 00:00 0 
7f53f4000000-7f53f4021000 rw-p 00000000 00:00 0 
7f53f4021000-7f53f8000000 ---p 00000000 00:00 0 
7f53f815d000-7f53f82dd000 rw-p 00000000 00:00 0 
7f53f82dd000-7f53f835d000 ---p 00000000 00:00 0 
7f53f835d000-7f53f89a1000 r-xp 00000000 08:12 3034557                    /tmp/librocksdbjni994015101520152366.so
7f53f89a1000-7f53f8ba0000 ---p 00644000 08:12 3034557                    /tmp/librocksdbjni994015101520152366.so
7f53f8ba0000-7f53f8bbb000 rw-p 00643000 08:12 3034557                    /tmp/librocksdbjni994015101520152366.so
7f53f8bbb000-7f53f8bc3000 rw-p 00000000 00:00 0 
7f53f8bc3000-7f53f8bd4000 r-xp 00000000 08:12 2627890                    /opt/jdk/jre/lib/amd64/libnio.so
7f53f8bd4000-7f53f8dd3000 ---p 00011000 08:12 2627890                    /opt/jdk/jre/lib/amd64/libnio.so
7f53f8dd3000-7f53f8dd4000 rw-p 00010000 08:12 2627890                    /opt/jdk/jre/lib/amd64/libnio.so
7f53f8dd4000-7f53f8fd4000 rw-p 00000000 00:00 0 
7f53f8fd4000-7f53f8fea000 r-xp 00000000 08:12 3674882                    /lib/x86_64-linux-gnu/libgcc_s.so.1
7f53f8fea000-7f53f91e9000 ---p 00016000 08:12 3674882                    /lib/x86_64-linux-gnu/libgcc_s.so.1
7f53f91e9000-7f53f91ea000 rw-p 00015000 08:12 3674882                    /lib/x86_64-linux-gnu/libgcc_s.so.1
7f53f9202000-7f53f9207000 r--s 0003e000 08:12 2627742                    /opt/jdk/jre/lib/ext/sunjce_provider.jar
7f53f9207000-7f53f9239000 r-xp 00000000 08:12 2627839                    /opt/jdk/jre/lib/amd64/libsunec.so
7f53f9239000-7f53f9438000 ---p 00032000 08:12 2627839                    /opt/jdk/jre/lib/amd64/libsunec.so
7f53f9438000-7f53f943e000 rw-p 00031000 08:12 2627839                    /opt/jdk/jre/lib/amd64/libsunec.so
7f53f943e000-7f53f944e000 rw-p 00000000 00:00 0 
7f53f944e000-7f53f9450000 r--s 00009000 08:12 2627732                    /opt/jdk/jre/lib/ext/sunec.jar
7f53f9450000-7f53f9453000 r--s 0003a000 08:12 2627739                    /opt/jdk/jre/lib/ext/sunpkcs11.jar
7f53f9453000-7f53f9456000 r--s 0001a000 08:12 2627903                    /opt/jdk/jre/lib/jce.jar
7f53f9456000-7f53f945b000 r--s 0009a000 08:12 2627730                    /opt/jdk/jre/lib/jsse.jar
7f53f945b000-7f53f947b000 r--s 000fa000 08:12 1722198                    /opt/maven/repository/org/springframework/boot/spring-boot-autoconfigure/2.0.1.RELEASE/spring-boot-autoconfigure-2.0.1.RELEASE.jar
7f53f947b000-7f53f9490000 r--s 000ce000 08:12 1722212                    /opt/maven/repository/org/springframework/boot/spring-boot/2.0.1.RELEASE/spring-boot-2.0.1.RELEASE.jar
7f53f9490000-7f53f9496000 r--s 0002d000 08:12 1457668                    /opt/maven/repository/org/springframework/boot/spring-boot-devtools/2.0.1.RELEASE/spring-boot-devtools-2.0.1.RELEASE.jar
7f53f9496000-7f53f949e000 r--s 00072000 08:12 955533                     /opt/maven/repository/org/apache/commons/commons-lang3/3.7/commons-lang3-3.7.jar
7f53f949e000-7f53f94a1000 r--s 0000b000 08:12 1722286                    /opt/maven/repository/org/objenesis/objenesis/2.5.1/objenesis-2.5.1.jar
7f53f94a1000-7f53f94a2000 r--s 00001000 08:12 822521                     /opt/maven/repository/com/esotericsoftware/minlog/1.3.0/minlog-1.3.0.jar
7f53f94a2000-7f53f94a4000 r--s 0000c000 08:12 1447887                    /opt/maven/repository/org/ow2/asm/asm/5.0.4/asm-5.0.4.jar
7f53f94a4000-7f53f94a6000 r--s 00004000 08:12 834429                     /opt/maven/repository/com/esotericsoftware/reflectasm/1.11.3/reflectasm-1.11.3.jar
7f53f94a6000-7f53f94ad000 r--s 0004c000 08:12 834427                     /opt/maven/repository/com/esotericsoftware/kryo/4.0.1/kryo-4.0.1.jar
7f53f94ad000-7f53f94d9000 r--s 00208000 08:12 824027                     /opt/maven/repository/com/google/guava/guava/19.0/guava-19.0.jar
7f53f94d9000-7f53f94dd000 r--s 00c63000 08:12 1722052                    /opt/maven/repository/org/rocksdb/rocksdbjni/5.10.3/rocksdbjni-5.10.3.jar
7f53f94dd000-7f53f94e4000 r--s 0003f000 08:12 824398                     /opt/maven/repository/commons-codec/commons-codec/1.10/commons-codec-1.10.jar
7f53f94e4000-7f53f953b000 r--s 00391000 08:12 1333327                    /opt/maven/repository/org/bouncycastle/bcprov-jdk15on/1.59/bcprov-jdk15on-1.59.jar
7f53f953b000-7f53f9540000 r--s 00022000 08:12 955045                     /opt/maven/repository/org/xmlunit/xmlunit-core/2.5.1/xmlunit-core-2.5.1.jar
7f53f9540000-7f53f954e000 r--s 00085000 08:12 1722216                    /opt/maven/repository/org/springframework/spring-test/5.0.5.RELEASE/spring-test-5.0.5.RELEASE.jar
7f53f954e000-7f53f9550000 r--s 00004000 08:12 1722200                    /opt/maven/repository/org/springframework/spring-jcl/5.0.5.RELEASE/spring-jcl-5.0.5.RELEASE.jar
7f53f9550000-7f53f9568000 r--s 00114000 08:12 1722218                    /opt/maven/repository/org/springframework/spring-core/5.0.5.RELEASE/spring-core-5.0.5.RELEASE.jar
7f53f9568000-7f53f9569000 r--s 00004000 08:12 824280                     /opt/maven/repository/com/vaadin/external/google/android-json/0.0.20131108.vaadin1/android-json-0.0.20131108.vaadin1.jar
7f53f9569000-7f53f956b000 r--s 00006000 08:12 1320479                    /opt/maven/repository/org/skyscreamer/jsonassert/1.5.0/jsonassert-1.5.0.jar
7f53f956b000-7f53f956c000 r--s 0000c000 08:12 939954                     /opt/maven/repository/org/hamcrest/hamcrest-library/1.3/hamcrest-library-1.3.jar
7f53f956c000-7f53f956e000 r--s 00009000 08:12 939940                     /opt/maven/repository/org/hamcrest/hamcrest-core/1.3/hamcrest-core-1.3.jar
7f53f956e000-7f53f9570000 r--s 00009000 08:12 2241170                    /opt/maven/repository/net/bytebuddy/byte-buddy-agent/1.7.11/byte-buddy-agent-1.7.11.jar
7f53f9570000-7f53f95ac000 r--s 00290000 08:12 2241168                    /opt/maven/repository/net/bytebuddy/byte-buddy/1.7.11/byte-buddy-1.7.11.jar
7f53f95ac000-7f53f95bc000 r--s 00075000 08:12 1725205                    /opt/maven/repository/org/mockito/mockito-core/2.15.0/mockito-core-2.15.0.jar
7f53f95bc000-7f53f9611000 r--s 00367000 08:12 1725169                    /opt/maven/repository/org/assertj/assertj-core/3.9.1/assertj-core-3.9.1.jar
7f53f9611000-7f53f9619000 r--s 00045000 08:12 1577804                    /opt/maven/repository/junit/junit/4.12/junit-4.12.jar
7f53f9619000-7f53f961b000 r--s 00009000 08:12 1447723                    /opt/maven/repository/org/slf4j/slf4j-api/1.7.25/slf4j-api-1.7.25.jar
7f53f961b000-7f53f961d000 r--s 00006000 08:12 1979949                    /opt/maven/repository/net/minidev/accessors-smart/1.2/accessors-smart-1.2.jar
7f53f961d000-7f53f9620000 r--s 0001b000 08:12 1979948                    /opt/maven/repository/net/minidev/json-smart/2.3/json-smart-2.3.jar
7f53f9620000-7f53f9626000 r--s 00031000 08:12 690122                     /opt/maven/repository/com/jayway/jsonpath/json-path/2.4.0/json-path-2.4.0.jar
7f53f9626000-7f53f962d000 r--s 00020000 08:12 1722187                    /opt/maven/repository/org/springframework/boot/spring-boot-test-autoconfigure/2.0.1.RELEASE/spring-boot-test-autoconfigure-2.0.1.RELEASE.jar
7f53f962d000-7f53f9632000 r--s 0002b000 08:12 1722214                    /opt/maven/repository/org/springframework/boot/spring-boot-test/2.0.1.RELEASE/spring-boot-test-2.0.1.RELEASE.jar
7f53f9632000-7f53f9633000 r--s 00000000 08:12 1722208                    /opt/maven/repository/org/springframework/boot/spring-boot-starter-test/2.0.1.RELEASE/spring-boot-starter-test-2.0.1.RELEASE.jar
7f53f9633000-7f53f9638000 r--s 0003f000 08:12 1722186                    /opt/maven/repository/org/springframework/spring-expression/5.0.5.RELEASE/spring-expression-5.0.5.RELEASE.jar
7f53f9638000-7f53f9652000 r--s 000f1000 08:12 1722206                    /opt/maven/repository/org/springframework/spring-context/5.0.5.RELEASE/spring-context-5.0.5.RELEASE.jar
7f53f9652000-7f53f965b000 r--s 00051000 08:12 1722185                    /opt/maven/repository/org/springframework/spring-aop/5.0.5.RELEASE/spring-aop-5.0.5.RELEASE.jar
7f53f965b000-7f53f966a000 r--s 000b2000 08:12 1722202                    /opt/maven/repository/org/springframework/spring-webmvc/5.0.5.RELEASE/spring-webmvc-5.0.5.RELEASE.jar
7f53f966a000-7f53f9677000 r--s 00095000 08:12 1722204                    /opt/maven/repository/org/springframework/spring-beans/5.0.5.RELEASE/spring-beans-5.0.5.RELEASE.jar
7f53f9677000-7f53f9691000 r--s 00119000 08:12 1333317                    /opt/maven/repository/org/springframework/spring-web/5.0.5.RELEASE/spring-web-5.0.5.RELEASE.jar
7f53f9691000-7f53f9693000 r--s 0000e000 08:12 947661                     /opt/maven/repository/com/fasterxml/classmate/1.3.4/classmate-1.3.4.jar
7f53f9693000-7f53f9695000 r--s 0000f000 08:12 955042                     /opt/maven/repository/org/jboss/logging/jboss-logging/3.3.2.Final/jboss-logging-3.3.2.Final.jar
7f53f9695000-7f53f969a000 r--s 00012000 08:12 1725166                    /opt/maven/repository/javax/validation/validation-api/2.0.1.Final/validation-api-2.0.1.Final.jar
7f53f969a000-7f53f96b7000 r--s 000f8000 08:12 1457662                    /opt/maven/repository/org/hibernate/validator/hibernate-validator/6.0.9.Final/hibernate-validator-6.0.9.Final.jar
7f53f96b7000-7f53f96bc000 r--s 0003a000 08:12 1333319                    /opt/maven/repository/org/apache/tomcat/embed/tomcat-embed-websocket/8.5.29/tomcat-embed-websocket-8.5.29.jar
7f53f96bc000-7f53f96c0000 r--s 00037000 08:12 955517                     /opt/maven/repository/org/apache/tomcat/embed/tomcat-embed-el/8.5.29/tomcat-embed-el-8.5.29.jar
7f53f96c0000-7f53f96ea000 r--s 002cc000 08:12 955519                     /opt/maven/repository/org/apache/tomcat/embed/tomcat-embed-core/8.5.29/tomcat-embed-core-8.5.29.jar
7f53f96ea000-7f53f96eb000 r--s 00000000 08:12 1722191                    /opt/maven/repository/org/springframework/boot/spring-boot-starter-tomcat/2.0.1.RELEASE/spring-boot-starter-tomcat-2.0.1.RELEASE.jar
7f53f96eb000-7f53f96ed000 r--s 00001000 08:12 688650                     /opt/maven/repository/com/fasterxml/jackson/module/jackson-module-parameter-names/2.9.5/jackson-module-parameter-names-2.9.5.jar
7f53f96ed000-7f53f96f0000 r--s 00016000 08:12 688647                     /opt/maven/repository/com/fasterxml/jackson/datatype/jackson-datatype-jsr310/2.9.5/jackson-datatype-jsr310-2.9.5.jar
7f53f96f0000-7f53f96f2000 r--s 00007000 08:12 688648                     /opt/maven/repository/com/fasterxml/jackson/datatype/jackson-datatype-jdk8/2.9.5/jackson-datatype-jdk8-2.9.5.jar
7f53f96f2000-7f53f96f6000 r--s 0004b000 08:12 688654                     /opt/maven/repository/com/fasterxml/jackson/core/jackson-core/2.9.5/jackson-core-2.9.5.jar
7f53f96f6000-7f53f96f9000 r--s 0000e000 08:12 1453011                    /opt/maven/repository/com/fasterxml/jackson/core/jackson-annotations/2.9.0/jackson-annotations-2.9.0.jar
7f53f96f9000-7f53f970c000 r--s 00135000 08:12 688652                     /opt/maven/repository/com/fasterxml/jackson/core/jackson-databind/2.9.5/jackson-databind-2.9.5.jar
7f53f970c000-7f53f970d000 r--s 00000000 08:12 2241166                    /opt/maven/repository/org/springframework/boot/spring-boot-starter-json/2.0.1.RELEASE/spring-boot-starter-json-2.0.1.RELEASE.jar
7f53f970d000-7f53f9714000 r--s 00042000 08:12 955029                     /opt/maven/repository/org/yaml/snakeyaml/1.19/snakeyaml-1.19.jar
7f53f9714000-7f53f9716000 r--s 00005000 08:12 1725187                    /opt/maven/repository/javax/annotation/javax.annotation-api/1.3.2/javax.annotation-api-1.3.2.jar
7f53f9716000-7f53f9718000 r--s 00000000 08:12 1447363                    /opt/maven/repository/org/slf4j/jul-to-slf4j/1.7.25/jul-to-slf4j-1.7.25.jar
7f53f9718000-7f53f971e000 r--s 00039000 08:12 1725179                    /opt/maven/repository/org/apache/logging/log4j/log4j-api/2.10.0/log4j-api-2.10.0.jar
7f53f971e000-7f53f9720000 r--s 00003000 08:12 1725177                    /opt/maven/repository/org/apache/logging/log4j/log4j-to-slf4j/2.10.0/log4j-to-slf4j-2.10.0.jar
7f53f9720000-7f53f972b000 r--s 00069000 08:12 1725175                    /opt/maven/repository/ch/qos/logback/logback-core/1.2.3/logback-core-1.2.3.jar
7f53f972b000-7f53f9731000 r--s 00041000 08:12 1725173                    /opt/maven/repository/ch/qos/logback/logback-classic/1.2.3/logback-classic-1.2.3.jar
7f53f9731000-7f53f9744000 r--s 00345000 08:12 2627711                    /opt/jdk/jre/lib/resources.jar
7f53f9744000-7f53f9757000 r--s 000d6000 08:12 2627615                    /opt/jdk/jre/lib/plugin.jar
7f53f9757000-7f53f975c000 r--s 0009a000 08:12 2627730                    /opt/jdk/jre/lib/jsse.jar
7f53f975c000-7f53f9777000 r--s 0020b000 08:12 2627591                    /opt/jdk/jre/lib/deploy.jar
7f53f9777000-7f53f978e000 r-xp 00000000 08:12 2627887                    /opt/jdk/jre/lib/amd64/libnet.so
7f53f978e000-7f53f998d000 ---p 00017000 08:12 2627887                    /opt/jdk/jre/lib/amd64/libnet.so
7f53f998d000-7f53f998e000 rw-p 00016000 08:12 2627887                    /opt/jdk/jre/lib/amd64/libnet.so
7f53f998e000-7f53f9991000 ---p 00000000 00:00 0 
7f53f9991000-7f53f9a8f000 rw-p 00000000 00:00 0 
7f53f9a8f000-7f53f9a90000 r-xp 00000000 08:12 2889424                    /opt/idea-java/bin/libbreakgen64.so
7f53f9a90000-7f53f9c8f000 ---p 00001000 08:12 2889424                    /opt/idea-java/bin/libbreakgen64.so
7f53f9c8f000-7f53f9c90000 r--p 00000000 08:12 2889424                    /opt/idea-java/bin/libbreakgen64.so
7f53f9c90000-7f53f9c91000 rw-p 00001000 08:12 2889424                    /opt/idea-java/bin/libbreakgen64.so
7f53f9c91000-7f53f9c92000 ---p 00000000 00:00 0 
7f53f9c92000-7f53f9d92000 rw-p 00000000 00:00 0 
7f53f9d92000-7f53f9d95000 ---p 00000000 00:00 0 
7f53f9d95000-7f53f9e93000 rw-p 00000000 00:00 0 
7f53f9e93000-7f53f9e96000 ---p 00000000 00:00 0 
7f53f9e96000-7f53f9f94000 rw-p 00000000 00:00 0 
7f53f9f94000-7f53f9f97000 ---p 00000000 00:00 0 
7f53f9f97000-7f53fa095000 rw-p 00000000 00:00 0 
7f53fa095000-7f53fa098000 ---p 00000000 00:00 0 
7f53fa098000-7f53fa196000 rw-p 00000000 00:00 0 
7f53fa196000-7f53fa199000 ---p 00000000 00:00 0 
7f53fa199000-7f53fa297000 rw-p 00000000 00:00 0 
7f53fa297000-7f53fa29a000 ---p 00000000 00:00 0 
7f53fa29a000-7f53fa398000 rw-p 00000000 00:00 0 
7f53fa398000-7f53fa823000 r--p 00000000 08:12 3295592                    /usr/lib/locale/locale-archive
7f53fa823000-7f53fa826000 ---p 00000000 00:00 0 
7f53fa826000-7f53fa924000 rw-p 00000000 00:00 0 
7f53fa924000-7f53fa927000 ---p 00000000 00:00 0 
7f53fa927000-7f53faa25000 rw-p 00000000 00:00 0 
7f53faa25000-7f53faa26000 ---p 00000000 00:00 0 
7f53faa26000-7f53fc000000 rw-p 00000000 00:00 0 
7f53fc000000-7f53fc021000 rw-p 00000000 00:00 0 
7f53fc021000-7f5400000000 ---p 00000000 00:00 0 
7f5400000000-7f5400627000 rw-p 00000000 00:00 0 
7f5400627000-7f5400800000 r--s 03d5a000 08:12 2627673                    /opt/jdk/jre/lib/rt.jar
7f5400800000-7f5401000000 rw-p 00000000 00:00 0 
7f5401000000-7f54016f0000 rwxp 00000000 00:00 0 
7f54016f0000-7f5410000000 ---p 00000000 00:00 0 
7f5410000000-7f5410b96000 rw-p 00000000 00:00 0 
7f5410b96000-7f5414000000 ---p 00000000 00:00 0 
7f5414000000-7f5414001000 r--s 00000000 08:12 1722196                    /opt/maven/repository/org/springframework/boot/spring-boot-starter-logging/2.0.1.RELEASE/spring-boot-starter-logging-2.0.1.RELEASE.jar
7f5414001000-7f5414002000 r--s 00000000 08:12 1722210                    /opt/maven/repository/org/springframework/boot/spring-boot-starter/2.0.1.RELEASE/spring-boot-starter-2.0.1.RELEASE.jar
7f5414002000-7f5414003000 r--s 00000000 08:12 1722184                    /opt/maven/repository/org/springframework/boot/spring-boot-starter-web/2.0.1.RELEASE/spring-boot-starter-web-2.0.1.RELEASE.jar
7f5414003000-7f5414004000 r--s 00000000 08:12 2627597                    /opt/jdk/jre/lib/management-agent.jar
7f5414004000-7f54149cc000 rw-p 00000000 00:00 0 
7f54149cc000-7f54149cd000 ---p 00000000 00:00 0 
7f54149cd000-7f5414acd000 rw-p 00000000 00:00 0 
7f5414acd000-7f5414ace000 ---p 00000000 00:00 0 
7f5414ace000-7f5414bce000 rw-p 00000000 00:00 0 
7f5414bce000-7f5414bcf000 ---p 00000000 00:00 0 
7f5414bcf000-7f5414ccf000 rw-p 00000000 00:00 0 
7f5414ccf000-7f5414cd0000 ---p 00000000 00:00 0 
7f5414cd0000-7f5414dd0000 rw-p 00000000 00:00 0 
7f5414dd0000-7f5414dd1000 ---p 00000000 00:00 0 
7f5414dd1000-7f5414ed1000 rw-p 00000000 00:00 0 
7f5414ed1000-7f5414ed2000 ---p 00000000 00:00 0 
7f5414ed2000-7f5414fd2000 rw-p 00000000 00:00 0 
7f5414fd2000-7f5414fd3000 ---p 00000000 00:00 0 
7f5414fd3000-7f54150d3000 rw-p 00000000 00:00 0 
7f54150d3000-7f54150d4000 ---p 00000000 00:00 0 
7f54150d4000-7f5415227000 rw-p 00000000 00:00 0 
7f5415227000-7f54156ff000 ---p 00000000 00:00 0 
7f54156ff000-7f5415752000 rw-p 00000000 00:00 0 
7f5415752000-7f5415c29000 ---p 00000000 00:00 0 
7f5415c29000-7f5415d2d000 rw-p 00000000 00:00 0 
7f5415d2d000-7f5415ebf000 ---p 00000000 00:00 0 
7f5415ebf000-7f5415edc000 rw-p 00000000 00:00 0 
7f5415edc000-7f5416280000 ---p 00000000 00:00 0 
7f5416280000-7f541629b000 r-xp 00000000 08:12 2627883                    /opt/jdk/jre/lib/amd64/libzip.so
7f541629b000-7f541649b000 ---p 0001b000 08:12 2627883                    /opt/jdk/jre/lib/amd64/libzip.so
7f541649b000-7f541649c000 rw-p 0001b000 08:12 2627883                    /opt/jdk/jre/lib/amd64/libzip.so
7f541649c000-7f54164a7000 r-xp 00000000 08:12 3674943                    /lib/x86_64-linux-gnu/libnss_files-2.23.so
7f54164a7000-7f54166a6000 ---p 0000b000 08:12 3674943                    /lib/x86_64-linux-gnu/libnss_files-2.23.so
7f54166a6000-7f54166a7000 r--p 0000a000 08:12 3674943                    /lib/x86_64-linux-gnu/libnss_files-2.23.so
7f54166a7000-7f54166a8000 rw-p 0000b000 08:12 3674943                    /lib/x86_64-linux-gnu/libnss_files-2.23.so
7f54166a8000-7f54166ae000 rw-p 00000000 00:00 0 
7f54166ae000-7f54166b9000 r-xp 00000000 08:12 3674953                    /lib/x86_64-linux-gnu/libnss_nis-2.23.so
7f54166b9000-7f54168b8000 ---p 0000b000 08:12 3674953                    /lib/x86_64-linux-gnu/libnss_nis-2.23.so
7f54168b8000-7f54168b9000 r--p 0000a000 08:12 3674953                    /lib/x86_64-linux-gnu/libnss_nis-2.23.so
7f54168b9000-7f54168ba000 rw-p 0000b000 08:12 3674953                    /lib/x86_64-linux-gnu/libnss_nis-2.23.so
7f54168ba000-7f54168d0000 r-xp 00000000 08:12 3674937                    /lib/x86_64-linux-gnu/libnsl-2.23.so
7f54168d0000-7f5416acf000 ---p 00016000 08:12 3674937                    /lib/x86_64-linux-gnu/libnsl-2.23.so
7f5416acf000-7f5416ad0000 r--p 00015000 08:12 3674937                    /lib/x86_64-linux-gnu/libnsl-2.23.so
7f5416ad0000-7f5416ad1000 rw-p 00016000 08:12 3674937                    /lib/x86_64-linux-gnu/libnsl-2.23.so
7f5416ad1000-7f5416ad3000 rw-p 00000000 00:00 0 
7f5416ad3000-7f5416adb000 r-xp 00000000 08:12 3674939                    /lib/x86_64-linux-gnu/libnss_compat-2.23.so
7f5416adb000-7f5416cda000 ---p 00008000 08:12 3674939                    /lib/x86_64-linux-gnu/libnss_compat-2.23.so
7f5416cda000-7f5416cdb000 r--p 00007000 08:12 3674939                    /lib/x86_64-linux-gnu/libnss_compat-2.23.so
7f5416cdb000-7f5416cdc000 rw-p 00008000 08:12 3674939                    /lib/x86_64-linux-gnu/libnss_compat-2.23.so
7f5416cdc000-7f5416d07000 r-xp 00000000 08:12 2627877                    /opt/jdk/jre/lib/amd64/libjava.so
7f5416d07000-7f5416f06000 ---p 0002b000 08:12 2627877                    /opt/jdk/jre/lib/amd64/libjava.so
7f5416f06000-7f5416f08000 rw-p 0002a000 08:12 2627877                    /opt/jdk/jre/lib/amd64/libjava.so
7f5416f08000-7f5416f15000 r-xp 00000000 08:12 2627882                    /opt/jdk/jre/lib/amd64/libverify.so
7f5416f15000-7f5417115000 ---p 0000d000 08:12 2627882                    /opt/jdk/jre/lib/amd64/libverify.so
7f5417115000-7f5417117000 rw-p 0000d000 08:12 2627882                    /opt/jdk/jre/lib/amd64/libverify.so
7f5417117000-7f541711e000 r-xp 00000000 08:12 3674998                    /lib/x86_64-linux-gnu/librt-2.23.so
7f541711e000-7f541731d000 ---p 00007000 08:12 3674998                    /lib/x86_64-linux-gnu/librt-2.23.so
7f541731d000-7f541731e000 r--p 00006000 08:12 3674998                    /lib/x86_64-linux-gnu/librt-2.23.so
7f541731e000-7f541731f000 rw-p 00007000 08:12 3674998                    /lib/x86_64-linux-gnu/librt-2.23.so
7f541731f000-7f5417427000 r-xp 00000000 08:12 3674914                    /lib/x86_64-linux-gnu/libm-2.23.so
7f5417427000-7f5417626000 ---p 00108000 08:12 3674914                    /lib/x86_64-linux-gnu/libm-2.23.so
7f5417626000-7f5417627000 r--p 00107000 08:12 3674914                    /lib/x86_64-linux-gnu/libm-2.23.so
7f5417627000-7f5417628000 rw-p 00108000 08:12 3674914                    /lib/x86_64-linux-gnu/libm-2.23.so
7f5417628000-7f54182fb000 r-xp 00000000 08:12 2627860                    /opt/jdk/jre/lib/amd64/server/libjvm.so
7f54182fb000-7f54184fa000 ---p 00cd3000 08:12 2627860                    /opt/jdk/jre/lib/amd64/server/libjvm.so
7f54184fa000-7f54185d4000 rw-p 00cd2000 08:12 2627860                    /opt/jdk/jre/lib/amd64/server/libjvm.so
7f54185d4000-7f541861f000 rw-p 00000000 00:00 0 
7f541861f000-7f54187df000 r-xp 00000000 08:12 3674844                    /lib/x86_64-linux-gnu/libc-2.23.so
7f54187df000-7f54189df000 ---p 001c0000 08:12 3674844                    /lib/x86_64-linux-gnu/libc-2.23.so
7f54189df000-7f54189e3000 r--p 001c0000 08:12 3674844                    /lib/x86_64-linux-gnu/libc-2.23.so
7f54189e3000-7f54189e5000 rw-p 001c4000 08:12 3674844                    /lib/x86_64-linux-gnu/libc-2.23.so
7f54189e5000-7f54189e9000 rw-p 00000000 00:00 0 
7f54189e9000-7f54189ec000 r-xp 00000000 08:12 3674868                    /lib/x86_64-linux-gnu/libdl-2.23.so
7f54189ec000-7f5418beb000 ---p 00003000 08:12 3674868                    /lib/x86_64-linux-gnu/libdl-2.23.so
7f5418beb000-7f5418bec000 r--p 00002000 08:12 3674868                    /lib/x86_64-linux-gnu/libdl-2.23.so
7f5418bec000-7f5418bed000 rw-p 00003000 08:12 3674868                    /lib/x86_64-linux-gnu/libdl-2.23.so
7f5418bed000-7f5418c03000 r-xp 00000000 08:12 2627488                    /opt/jdk/lib/amd64/jli/libjli.so
7f5418c03000-7f5418e02000 ---p 00016000 08:12 2627488                    /opt/jdk/lib/amd64/jli/libjli.so
7f5418e02000-7f5418e03000 rw-p 00015000 08:12 2627488                    /opt/jdk/lib/amd64/jli/libjli.so
7f5418e03000-7f5418e1b000 r-xp 00000000 08:12 3674990                    /lib/x86_64-linux-gnu/libpthread-2.23.so
7f5418e1b000-7f541901a000 ---p 00018000 08:12 3674990                    /lib/x86_64-linux-gnu/libpthread-2.23.so
7f541901a000-7f541901b000 r--p 00017000 08:12 3674990                    /lib/x86_64-linux-gnu/libpthread-2.23.so
7f541901b000-7f541901c000 rw-p 00018000 08:12 3674990                    /lib/x86_64-linux-gnu/libpthread-2.23.so
7f541901c000-7f5419020000 rw-p 00000000 00:00 0 
7f5419020000-7f5419046000 r-xp 00000000 08:12 3674816                    /lib/x86_64-linux-gnu/ld-2.23.so
7f5419046000-7f5419048000 r--s 00007000 08:12 2627905                    /opt/jdk/jre/lib/jfxswt.jar
7f5419048000-7f541904d000 r--s 00084000 08:12 2627590                    /opt/jdk/jre/lib/jfr.jar
7f541904d000-7f5419050000 r--s 0001a000 08:12 2627903                    /opt/jdk/jre/lib/jce.jar
7f5419050000-7f5419121000 rw-p 00000000 00:00 0 
7f5419121000-7f5419124000 ---p 00000000 00:00 0 
7f5419124000-7f5419226000 rw-p 00000000 00:00 0 
7f5419226000-7f5419230000 r--s 0006c000 08:12 2627600                    /opt/jdk/jre/lib/javaws.jar
7f5419230000-7f5419235000 r--s 002f9000 08:12 2627671                    /opt/jdk/jre/lib/charsets.jar
7f5419235000-7f5419237000 r--s 0001d000 08:12 2889755                    /opt/idea-java/plugins/junit/lib/junit-rt.jar
7f5419237000-7f5419239000 r--s 00019000 08:12 2889478                    /opt/idea-java/lib/idea_rt.jar
7f5419239000-7f5419241000 rw-s 00000000 08:12 3034555                    /tmp/hsperfdata_yangjian/11558
7f5419241000-7f5419242000 rw-p 00000000 00:00 0 
7f5419242000-7f5419243000 ---p 00000000 00:00 0 
7f5419243000-7f5419245000 rw-p 00000000 00:00 0 
7f5419245000-7f5419246000 r--p 00025000 08:12 3674816                    /lib/x86_64-linux-gnu/ld-2.23.so
7f5419246000-7f5419247000 rw-p 00026000 08:12 3674816                    /lib/x86_64-linux-gnu/ld-2.23.so
7f5419247000-7f5419248000 rw-p 00000000 00:00 0 
7ffe5f802000-7ffe5f825000 rw-p 00000000 00:00 0                          [stack]
7ffe5f950000-7ffe5f952000 r--p 00000000 00:00 0                          [vvar]
7ffe5f952000-7ffe5f954000 r-xp 00000000 00:00 0                          [vdso]
ffffffffff600000-ffffffffff601000 r-xp 00000000 00:00 0                  [vsyscall]

VM Arguments:
jvm_args: -ea -Didea.launcher.port=7538 -Didea.launcher.bin.path=/opt/idea-java/bin -Dfile.encoding=UTF-8 
java_command: com.intellij.rt.execution.application.AppMain com.intellij.rt.execution.junit.JUnitStarter -ideVersion5 com.aizone.blockchain.pow.PowTest,main
java_class_path (initial): /opt/idea-java/lib/idea_rt.jar:/opt/idea-java/plugins/junit/lib/junit-rt.jar:/opt/jdk/jre/lib/charsets.jar:/opt/jdk/jre/lib/deploy.jar:/opt/jdk/jre/lib/ext/cldrdata.jar:/opt/jdk/jre/lib/ext/dnsns.jar:/opt/jdk/jre/lib/ext/jaccess.jar:/opt/jdk/jre/lib/ext/jfxrt.jar:/opt/jdk/jre/lib/ext/localedata.jar:/opt/jdk/jre/lib/ext/nashorn.jar:/opt/jdk/jre/lib/ext/sunec.jar:/opt/jdk/jre/lib/ext/sunjce_provider.jar:/opt/jdk/jre/lib/ext/sunpkcs11.jar:/opt/jdk/jre/lib/ext/zipfs.jar:/opt/jdk/jre/lib/javaws.jar:/opt/jdk/jre/lib/jce.jar:/opt/jdk/jre/lib/jfr.jar:/opt/jdk/jre/lib/jfxswt.jar:/opt/jdk/jre/lib/jsse.jar:/opt/jdk/jre/lib/management-agent.jar:/opt/jdk/jre/lib/plugin.jar:/opt/jdk/jre/lib/resources.jar:/opt/jdk/jre/lib/rt.jar:/javaweb/blockchain/target/test-classes:/javaweb/blockchain/target/classes:/opt/maven/repository/org/springframework/boot/spring-boot-starter-web/2.0.1.RELEASE/spring-boot-starter-web-2.0.1.RELEASE.jar:/opt/maven/repository/org/springframework/boot/spring-boot-starter/2.0.1.RELEASE/spring-boot-starter-2.0.1.RELEASE.jar:/opt/maven/repository/org/springframework/boot/spring-boot-starter-logging/2.0.1.RELEASE/spring-boot-starter-logging-2.0.1.RELEASE.jar:/opt/maven/repository/ch/qos/logback/logback-classic/1.2.3/logback-classic-1.2.3.jar:/opt/maven/repository/ch/qos/logback/logback-core/1.2.3/logback-core-1.2.3.jar:/opt/maven/repository/org/apache/logging/log4j/log4j-to-slf4j/2.10.0/log4j-to-slf4j-2.10.0.jar:/opt/maven/repository/org/apache/logging/log4j/log4j-api/2.10.0/log4j-api-2.10.0.jar:/opt/maven/repository/org/slf4j/jul-to-slf4j/1.7.25/jul-to-slf4j-1.7.25.jar:/opt/maven/repository/javax/annotation/javax.annotation-api/1.3.2/javax.annotation-api-1.3.2.jar:/opt/maven/repository/org/yaml/snakeyaml/1.19/snakeyaml-1.19.jar:/opt/maven/repository/org/springframework/boot/spring-boot-starter-json/2.0.1.RELEASE/spring-boot-starter-json-2.0.1.RELEASE.jar:/opt/maven/repository/com/fasterxml/jackson/core/jackson-databind/2.9.5/jackson-
Launcher Type: SUN_STANDARD

Environment Variables:
JAVA_HOME=/opt/jdk
JRE_HOME=/opt/jdk/jre
CLASSPATH=/opt/idea-java/lib/bootstrap.jar:/opt/idea-java/lib/extensions.jar:/opt/idea-java/lib/util.jar:/opt/idea-java/lib/jdom.jar:/opt/idea-java/lib/log4j.jar:/opt/idea-java/lib/trove4j.jar:/opt/idea-java/lib/jna.jar:/opt/idea-java/jre/lib/tools.jar
PATH=/opt/Android/Sdk/tools:/opt/Android/Sdk/platform-tools:/usr/local/sbin:/usr/local/bin:/usr/sbin:/usr/bin:/sbin:/bin:/usr/games:/usr/local/games:/snap/bin:/opt/jdk/bin:/usr/local/nodejs/bin:/opt/maven/bin:/opt/zookeeper/bin:/usr/local/go/bin
LD_LIBRARY_PATH=/opt/idea-java/bin:
SHELL=/bin/bash
DISPLAY=:0

Signal Handlers:
SIGSEGV: [libjvm.so+0xacbe10], sa_mask[0]=11111111011111111101111111111110, sa_flags=SA_RESTART|SA_SIGINFO
SIGBUS: [libjvm.so+0xacbe10], sa_mask[0]=11111111011111111101111111111110, sa_flags=SA_RESTART|SA_SIGINFO
SIGFPE: [libjvm.so+0x924f90], sa_mask[0]=11111111011111111101111111111110, sa_flags=SA_RESTART|SA_SIGINFO
SIGPIPE: [libjvm.so+0x924f90], sa_mask[0]=11111111011111111101111111111110, sa_flags=SA_RESTART|SA_SIGINFO
SIGXFSZ: [libjvm.so+0x924f90], sa_mask[0]=11111111011111111101111111111110, sa_flags=SA_RESTART|SA_SIGINFO
SIGILL: [libjvm.so+0x924f90], sa_mask[0]=11111111011111111101111111111110, sa_flags=SA_RESTART|SA_SIGINFO
SIGUSR1: SIG_DFL, sa_mask[0]=00000000000000000000000000000000, sa_flags=none
SIGUSR2: [libjvm.so+0x9267d0], sa_mask[0]=00100000000000000000000000000000, sa_flags=SA_RESTART|SA_SIGINFO
SIGHUP: [libjvm.so+0x927bd0], sa_mask[0]=11111111011111111101111111111110, sa_flags=SA_RESTART|SA_SIGINFO
SIGINT: [libjvm.so+0x927bd0], sa_mask[0]=11111111011111111101111111111110, sa_flags=SA_RESTART|SA_SIGINFO
SIGTERM: [libjvm.so+0x927bd0], sa_mask[0]=11111111011111111101111111111110, sa_flags=SA_RESTART|SA_SIGINFO
SIGQUIT: [libjvm.so+0x927bd0], sa_mask[0]=11111111011111111101111111111110, sa_flags=SA_RESTART|SA_SIGINFO


---------------  S Y S T E M  ---------------

OS:DISTRIB_ID=Ubuntu
DISTRIB_RELEASE=16.04
DISTRIB_CODENAME=xenial
DISTRIB_DESCRIPTION="Ubuntu 16.04.3 LTS"

uname:Linux 4.10.0-42-generic #46~16.04.1-Ubuntu SMP Mon Dec 4 15:57:59 UTC 2017 x86_64
libc:glibc 2.23 NPTL 2.23 
rlimit: STACK 8192k, CORE 0k, NPROC 63310, NOFILE 1048576, AS infinity
load average:0.77 0.57 0.51

/proc/meminfo:
MemTotal:       16252076 kB
MemFree:          218936 kB
MemAvailable:     371128 kB
Buffers:           47864 kB
Cached:          1077412 kB
SwapCached:            0 kB
Active:         10297756 kB
Inactive:         915800 kB
Active(anon):   10089588 kB
Inactive(anon):   758416 kB
Active(file):     208168 kB
Inactive(file):   157384 kB
Unevictable:         524 kB
Mlocked:             524 kB
SwapTotal:             0 kB
SwapFree:              0 kB
Dirty:             72016 kB
Writeback:             0 kB
AnonPages:      10089264 kB
Mapped:          4843276 kB
Shmem:            759724 kB
Slab:             232940 kB
SReclaimable:      78764 kB
SUnreclaim:       154176 kB
KernelStack:       18736 kB
PageTables:        98652 kB
NFS_Unstable:          0 kB
Bounce:                0 kB
WritebackTmp:          0 kB
CommitLimit:     8126036 kB
Committed_AS:   22747560 kB
VmallocTotal:   34359738367 kB
VmallocUsed:           0 kB
VmallocChunk:          0 kB
HardwareCorrupted:     0 kB
AnonHugePages:   4894720 kB
ShmemHugePages:        0 kB
ShmemPmdMapped:        0 kB
CmaTotal:              0 kB
CmaFree:               0 kB
HugePages_Total:       0
HugePages_Free:        0
HugePages_Rsvd:        0
HugePages_Surp:        0
Hugepagesize:       2048 kB
DirectMap4k:     1292300 kB
DirectMap2M:    14256128 kB
DirectMap1G:     1048576 kB


CPU:total 8 (initial active 8) (4 cores per cpu, 2 threads per core) family 6 model 60 stepping 3, cmov, cx8, fxsr, mmx, sse, sse2, sse3, ssse3, sse4.1, sse4.2, popcnt, avx, avx2, aes, clmul, erms, lzcnt, ht, tsc, tscinvbit, bmi1, bmi2

/proc/cpuinfo:
processor	: 0
vendor_id	: GenuineIntel
cpu family	: 6
model		: 60
model name	: Intel(R) Core(TM) i7-4710MQ CPU @ 2.50GHz
stepping	: 3
microcode	: 0x17
cpu MHz		: 3300.018
cache size	: 6144 KB
physical id	: 0
siblings	: 8
core id		: 0
cpu cores	: 4
apicid		: 0
initial apicid	: 0
fpu		: yes
fpu_exception	: yes
cpuid level	: 13
wp		: yes
flags		: fpu vme de pse tsc msr pae mce cx8 apic sep mtrr pge mca cmov pat pse36 clflush dts acpi mmx fxsr sse sse2 ss ht tm pbe syscall nx pdpe1gb rdtscp lm constant_tsc arch_perfmon pebs bts rep_good nopl xtopology nonstop_tsc aperfmperf pni pclmulqdq dtes64 monitor ds_cpl vmx est tm2 ssse3 sdbg fma cx16 xtpr pdcm pcid sse4_1 sse4_2 movbe popcnt tsc_deadline_timer aes xsave avx f16c rdrand lahf_lm abm epb tpr_shadow vnmi flexpriority ept vpid fsgsbase tsc_adjust bmi1 avx2 smep bmi2 erms invpcid xsaveopt dtherm ida arat pln pts
bugs		:
bogomips	: 4988.60
clflush size	: 64
cache_alignment	: 64
address sizes	: 39 bits physical, 48 bits virtual
power management:

processor	: 1
vendor_id	: GenuineIntel
cpu family	: 6
model		: 60
model name	: Intel(R) Core(TM) i7-4710MQ CPU @ 2.50GHz
stepping	: 3
microcode	: 0x17
cpu MHz		: 3385.467
cache size	: 6144 KB
physical id	: 0
siblings	: 8
core id		: 1
cpu cores	: 4
apicid		: 2
initial apicid	: 2
fpu		: yes
fpu_exception	: yes
cpuid level	: 13
wp		: yes
flags		: fpu vme de pse tsc msr pae mce cx8 apic sep mtrr pge mca cmov pat pse36 clflush dts acpi mmx fxsr sse sse2 ss ht tm pbe syscall nx pdpe1gb rdtscp lm constant_tsc arch_perfmon pebs bts rep_good nopl xtopology nonstop_tsc aperfmperf pni pclmulqdq dtes64 monitor ds_cpl vmx est tm2 ssse3 sdbg fma cx16 xtpr pdcm pcid sse4_1 sse4_2 movbe popcnt tsc_deadline_timer aes xsave avx f16c rdrand lahf_lm abm epb tpr_shadow vnmi flexpriority ept vpid fsgsbase tsc_adjust bmi1 avx2 smep bmi2 erms invpcid xsaveopt dtherm ida arat pln pts
bugs		:
bogomips	: 4988.60
clflush size	: 64
cache_alignment	: 64
address sizes	: 39 bits physical, 48 bits virtual
power management:

processor	: 2
vendor_id	: GenuineIntel
cpu family	: 6
model		: 60
model name	: Intel(R) Core(TM) i7-4710MQ CPU @ 2.50GHz
stepping	: 3
microcode	: 0x17
cpu MHz		: 3299.865
cache size	: 6144 KB
physical id	: 0
siblings	: 8
core id		: 2
cpu cores	: 4
apicid		: 4
initial apicid	: 4
fpu		: yes
fpu_exception	: yes
cpuid level	: 13
wp		: yes
flags		: fpu vme de pse tsc msr pae mce cx8 apic sep mtrr pge mca cmov pat pse36 clflush dts acpi mmx fxsr sse sse2 ss ht tm pbe syscall nx pdpe1gb rdtscp lm constant_tsc arch_perfmon pebs bts rep_good nopl xtopology nonstop_tsc aperfmperf pni pclmulqdq dtes64 monitor ds_cpl vmx est tm2 ssse3 sdbg fma cx16 xtpr pdcm pcid sse4_1 sse4_2 movbe popcnt tsc_deadline_timer aes xsave avx f16c rdrand lahf_lm abm epb tpr_shadow vnmi flexpriority ept vpid fsgsbase tsc_adjust bmi1 avx2 smep bmi2 erms invpcid xsaveopt dtherm ida arat pln pts
bugs		:
bogomips	: 4988.60
clflush size	: 64
cache_alignment	: 64
address sizes	: 39 bits physical, 48 bits virtual
power management:

processor	: 3
vendor_id	: GenuineIntel
cpu family	: 6
model		: 60
model name	: Intel(R) Core(TM) i7-4710MQ CPU @ 2.50GHz
stepping	: 3
microcode	: 0x17
cpu MHz		: 3303.527
cache size	: 6144 KB
physical id	: 0
siblings	: 8
core id		: 3
cpu cores	: 4
apicid		: 6
initial apicid	: 6
fpu		: yes
fpu_exception	: yes
cpuid level	: 13
wp		: yes
flags		: fpu vme de pse tsc msr pae mce cx8 apic sep mtrr pge mca cmov pat pse36 clflush dts acpi mmx fxsr sse sse2 ss ht tm pbe syscall nx pdpe1gb rdtscp lm constant_tsc arch_perfmon pebs bts rep_good nopl xtopology nonstop_tsc aperfmperf pni pclmulqdq dtes64 monitor ds_cpl vmx est tm2 ssse3 sdbg fma cx16 xtpr pdcm pcid sse4_1 sse4_2 movbe popcnt tsc_deadline_timer aes xsave avx f16c rdrand lahf_lm abm epb tpr_shadow vnmi flexpriority ept vpid fsgsbase tsc_adjust bmi1 avx2 smep bmi2 erms invpcid xsaveopt dtherm ida arat pln pts
bugs		:
bogomips	: 4988.60
clflush size	: 64
cache_alignment	: 64
address sizes	: 39 bits physical, 48 bits virtual
power management:

processor	: 4
vendor_id	: GenuineIntel
cpu family	: 6
model		: 60
model name	: Intel(R) Core(TM) i7-4710MQ CPU @ 2.50GHz
stepping	: 3
microcode	: 0x17
cpu MHz		: 3312.530
cache size	: 6144 KB
physical id	: 0
siblings	: 8
core id		: 0
cpu cores	: 4
apicid		: 1
initial apicid	: 1
fpu		: yes
fpu_exception	: yes
cpuid level	: 13
wp		: yes
flags		: fpu vme de pse tsc msr pae mce cx8 apic sep mtrr pge mca cmov pat pse36 clflush dts acpi mmx fxsr sse sse2 ss ht tm pbe syscall nx pdpe1gb rdtscp lm constant_tsc arch_perfmon pebs bts rep_good nopl xtopology nonstop_tsc aperfmperf pni pclmulqdq dtes64 monitor ds_cpl vmx est tm2 ssse3 sdbg fma cx16 xtpr pdcm pcid sse4_1 sse4_2 movbe popcnt tsc_deadline_timer aes xsave avx f16c rdrand lahf_lm abm epb tpr_shadow vnmi flexpriority ept vpid fsgsbase tsc_adjust bmi1 avx2 smep bmi2 erms invpcid xsaveopt dtherm ida arat pln pts
bugs		:
bogomips	: 4988.60
clflush size	: 64
cache_alignment	: 64
address sizes	: 39 bits physical, 48 bits virtual
power management:

processor	: 5
vendor_id	: GenuineIntel
cpu family	: 6
model		: 60
model name	: Intel(R) Core(TM) i7-4710MQ CPU @ 2.50GHz
stepping	: 3
microcode	: 0x17
cpu MHz		: 3319.244
cache size	: 6144 KB
physical id	: 0
siblings	: 8
core id		: 1
cpu cores	: 4
apicid		: 3
initial apicid	: 3
fpu		: yes
fpu_exception	: yes
cpuid level	: 13
wp		: yes
flags		: fpu vme de pse tsc msr pae mce cx8 apic sep mtrr pge mca cmov pat pse36 clflush dts acpi mmx fxsr sse sse2 ss ht tm pbe syscall nx pdpe1gb rdtscp lm constant_tsc arch_perfmon pebs bts rep_good nopl xtopology nonstop_tsc aperfmperf pni pclmulqdq dtes64 monitor ds_cpl vmx est tm2 ssse3 sdbg fma cx16 xtpr pdcm pcid sse4_1 sse4_2 movbe popcnt tsc_deadline_timer aes xsave avx f16c rdrand lahf_lm abm epb tpr_shadow vnmi flexpriority ept vpid fsgsbase tsc_adjust bmi1 avx2 smep bmi2 erms invpcid xsaveopt dtherm ida arat pln pts
bugs		:
bogomips	: 4988.60
clflush size	: 64
cache_alignment	: 64
address sizes	: 39 bits physical, 48 bits virtual
power management:

processor	: 6
vendor_id	: GenuineIntel
cpu family	: 6
model		: 60
model name	: Intel(R) Core(TM) i7-4710MQ CPU @ 2.50GHz
stepping	: 3
microcode	: 0x17
cpu MHz		: 3300.018
cache size	: 6144 KB
physical id	: 0
siblings	: 8
core id		: 2
cpu cores	: 4
apicid		: 5
initial apicid	: 5
fpu		: yes
fpu_exception	: yes
cpuid level	: 13
wp		: yes
flags		: fpu vme de pse tsc msr pae mce cx8 apic sep mtrr pge mca cmov pat pse36 clflush dts acpi mmx fxsr sse sse2 ss ht tm pbe syscall nx pdpe1gb rdtscp lm constant_tsc arch_perfmon pebs bts rep_good nopl xtopology nonstop_tsc aperfmperf pni pclmulqdq dtes64 monitor ds_cpl vmx est tm2 ssse3 sdbg fma cx16 xtpr pdcm pcid sse4_1 sse4_2 movbe popcnt tsc_deadline_timer aes xsave avx f16c rdrand lahf_lm abm epb tpr_shadow vnmi flexpriority ept vpid fsgsbase tsc_adjust bmi1 avx2 smep bmi2 erms invpcid xsaveopt dtherm ida arat pln pts
bugs		:
bogomips	: 4988.60
clflush size	: 64
cache_alignment	: 64
address sizes	: 39 bits physical, 48 bits virtual
power management:

processor	: 7
vendor_id	: GenuineIntel
cpu family	: 6
model		: 60
model name	: Intel(R) Core(TM) i7-4710MQ CPU @ 2.50GHz
stepping	: 3
microcode	: 0x17
cpu MHz		: 3334.655
cache size	: 6144 KB
physical id	: 0
siblings	: 8
core id		: 3
cpu cores	: 4
apicid		: 7
initial apicid	: 7
fpu		: yes
fpu_exception	: yes
cpuid level	: 13
wp		: yes
flags		: fpu vme de pse tsc msr pae mce cx8 apic sep mtrr pge mca cmov pat pse36 clflush dts acpi mmx fxsr sse sse2 ss ht tm pbe syscall nx pdpe1gb rdtscp lm constant_tsc arch_perfmon pebs bts rep_good nopl xtopology nonstop_tsc aperfmperf pni pclmulqdq dtes64 monitor ds_cpl vmx est tm2 ssse3 sdbg fma cx16 xtpr pdcm pcid sse4_1 sse4_2 movbe popcnt tsc_deadline_timer aes xsave avx f16c rdrand lahf_lm abm epb tpr_shadow vnmi flexpriority ept vpid fsgsbase tsc_adjust bmi1 avx2 smep bmi2 erms invpcid xsaveopt dtherm ida arat pln pts
bugs		:
bogomips	: 4988.60
clflush size	: 64
cache_alignment	: 64
address sizes	: 39 bits physical, 48 bits virtual
power management:



Memory: 4k page, physical 16252076k(218936k free), swap 0k(0k free)

vm_info: Java HotSpot(TM) 64-Bit Server VM (25.151-b12) for linux-amd64 JRE (1.8.0_151-b12), built on Sep  5 2017 19:20:58 by "java_re" with gcc 4.3.0 20080428 (Red Hat 4.3.0-8)

time: Fri Apr 13 09:46:07 2018
elapsed time: 3 seconds (0d 0h 0m 3s)

