#
# There is insufficient memory for the Java Runtime Environment to continue.
# Native memory allocation (mmap) failed to map 265289728 bytes for committing reserved memory.
# Possible reasons:
#   The system is out of physical RAM or swap space
#   In 32 bit mode, the process size limit was hit
# Possible solutions:
#   Reduce memory load on the system
#   Increase physical memory or swap space
#   Check if swap backing store is full
#   Use 64 bit Java on a 64 bit OS
#   Decrease Java heap size (-Xmx/-Xms)
#   Decrease number of Java threads
#   Decrease Java thread stack sizes (-Xss)
#   Set larger code cache with -XX:ReservedCodeCacheSize=
# This output file may be truncated or incomplete.
#
#  Out of Memory Error (os_linux.cpp:2640), pid=18784, tid=0x00007ff9ba5ff700
#
# JRE version: Java(TM) SE Runtime Environment (8.0_151-b12) (build 1.8.0_151-b12)
# Java VM: Java HotSpot(TM) 64-Bit Server VM (25.151-b12 mixed mode linux-amd64 compressed oops)
# Failed to write core dump. Core dumps have been disabled. To enable core dumping, try "ulimit -c unlimited" before starting Java again
#

---------------  T H R E A D  ---------------

Current thread (0x00007ff9d8083000):  VMThread [stack: 0x00007ff9ba4ff000,0x00007ff9ba600000] [id=18804]

Stack: [0x00007ff9ba4ff000,0x00007ff9ba600000],  sp=0x00007ff9ba5fe320,  free space=1020k
Native frames: (J=compiled Java code, j=interpreted, Vv=VM code, C=native code)
V  [libjvm.so+0xacb58a]  VMError::report_and_die()+0x2ba
V  [libjvm.so+0x4ff4ab]  report_vm_out_of_memory(char const*, int, unsigned long, VMErrorType, char const*)+0x8b
V  [libjvm.so+0x928113]  os::Linux::commit_memory_impl(char*, unsigned long, bool)+0x103
V  [libjvm.so+0x928669]  os::pd_commit_memory(char*, unsigned long, unsigned long, bool)+0x29
V  [libjvm.so+0x92288a]  os::commit_memory(char*, unsigned long, unsigned long, bool)+0x2a
V  [libjvm.so+0x9973e3]  PSVirtualSpace::expand_by(unsigned long)+0x53
V  [libjvm.so+0x9987e8]  PSYoungGen::resize_generation(unsigned long, unsigned long)+0xf8
V  [libjvm.so+0x997942]  PSYoungGen::resize(unsigned long, unsigned long)+0x22
V  [libjvm.so+0x994c1b]  PSScavenge::invoke_no_policy()+0xf3b
V  [libjvm.so+0x9953a1]  PSScavenge::invoke()+0x41
V  [libjvm.so+0x94c0d0]  ParallelScavengeHeap::failed_mem_allocate(unsigned long)+0x70
V  [libjvm.so+0xaccfa7]  VM_ParallelGCFailedAllocation::doit()+0x97
V  [libjvm.so+0xad4a85]  VM_Operation::evaluate()+0x55
V  [libjvm.so+0xad2e5a]  VMThread::evaluate_operation(VM_Operation*)+0xba
V  [libjvm.so+0xad31de]  VMThread::loop()+0x1ce
V  [libjvm.so+0xad3650]  VMThread::run()+0x70
V  [libjvm.so+0x92a728]  java_start(Thread*)+0x108

VM_Operation (0x00007ff9e0d23e10): ParallelGCFailedAllocation, mode: safepoint, requested by thread 0x00007ff9d800d000


---------------  P R O C E S S  ---------------

Java Threads: ( => current thread )
  0x00007ff9d80f9800 JavaThread "Monitor Ctrl-Break" daemon [_thread_in_native, id=18824, stack(0x00007ff9b9468000,0x00007ff9b9569000)]
  0x00007ff9d80ce800 JavaThread "Service Thread" daemon [_thread_blocked, id=18822, stack(0x00007ff9b986c000,0x00007ff9b996d000)]
  0x00007ff9d80cb800 JavaThread "C1 CompilerThread3" daemon [_thread_blocked, id=18821, stack(0x00007ff9b996d000,0x00007ff9b9a6e000)]
  0x00007ff9d80c9000 JavaThread "C2 CompilerThread2" daemon [_thread_blocked, id=18820, stack(0x00007ff9b9a6e000,0x00007ff9b9b6f000)]
  0x00007ff9d80c7800 JavaThread "C2 CompilerThread1" daemon [_thread_blocked, id=18819, stack(0x00007ff9b9b6f000,0x00007ff9b9c70000)]
  0x00007ff9d80c4800 JavaThread "C2 CompilerThread0" daemon [_thread_blocked, id=18818, stack(0x00007ff9b9c70000,0x00007ff9b9d71000)]
  0x00007ff9d80c3000 JavaThread "Signal Dispatcher" daemon [_thread_blocked, id=18817, stack(0x00007ff9b9d71000,0x00007ff9b9e72000)]
  0x00007ff9d808f800 JavaThread "Finalizer" daemon [_thread_blocked, id=18809, stack(0x00007ff9ba2fd000,0x00007ff9ba3fe000)]
  0x00007ff9d808a800 JavaThread "Reference Handler" daemon [_thread_blocked, id=18806, stack(0x00007ff9ba3fe000,0x00007ff9ba4ff000)]
  0x00007ff9d800d000 JavaThread "main" [_thread_blocked, id=18787, stack(0x00007ff9e0c26000,0x00007ff9e0d27000)]

Other Threads:
=>0x00007ff9d8083000 VMThread [stack: 0x00007ff9ba4ff000,0x00007ff9ba600000] [id=18804]
  0x00007ff9d80d1800 WatcherThread [stack: 0x00007ff9b976b000,0x00007ff9b986c000] [id=18823]

VM state:at safepoint (normal execution)

VM Mutex/Monitor currently owned by a thread:  ([mutex/lock_event])
[0x00007ff9d80095a0] Threads_lock - owner thread: 0x00007ff9d8083000
[0x00007ff9d8009aa0] Heap_lock - owner thread: 0x00007ff9d800d000

Heap:
 PSYoungGen      total 264192K, used 224K [0x000000076d580000, 0x000000077df80000, 0x00000007c0000000)
  eden space 256000K, 0% used [0x000000076d580000,0x000000076d580000,0x000000077cf80000)
  from space 8192K, 2% used [0x000000077cf80000,0x000000077cfb8000,0x000000077d780000)
  to   space 7680K, 0% used [0x000000077d800000,0x000000077d800000,0x000000077df80000)
 ParOldGen       total 169472K, used 5839K [0x00000006c8000000, 0x00000006d2580000, 0x000000076d580000)
  object space 169472K, 3% used [0x00000006c8000000,0x00000006c85b3f50,0x00000006d2580000)
 Metaspace       used 12405K, capacity 12668K, committed 12800K, reserved 1060864K
  class space    used 1450K, capacity 1517K, committed 1536K, reserved 1048576K

Card table byte_map: [0x00007ff9dd204000,0x00007ff9dd9c5000] byte_map_base: 0x00007ff9d9bc4000

Marking Bits: (ParMarkBitMap*) 0x00007ff9e00f6f80
 Begin Bits: [0x00007ff98c400000, 0x00007ff990200000)
 End Bits:   [0x00007ff990200000, 0x00007ff994000000)

Polling page: 0x00007ff9e0d47000

CodeCache: size=245760Kb used=4728Kb max_used=4741Kb free=241031Kb
 bounds [0x00007ff9c9000000, 0x00007ff9c94b0000, 0x00007ff9d8000000]
 total_blobs=1753 nmethods=1336 adapters=331
 compilation: enabled

Compilation events (10 events):
Event: 1.529 Thread 0x00007ff9d80c4800 1348       4       sun.security.jca.GetInstance$Instance::<init> (15 bytes)
Event: 1.529 Thread 0x00007ff9d80c4800 nmethod 1348 0x00007ff9c9476f10 code [0x00007ff9c9477060, 0x00007ff9c94770f8]
Event: 1.530 Thread 0x00007ff9d80c9000 nmethod 1317 0x00007ff9c94a0050 code [0x00007ff9c94a03a0, 0x00007ff9c94a24a0]
Event: 1.534 Thread 0x00007ff9d80c7800 nmethod 1320 0x00007ff9c9476410 code [0x00007ff9c94765a0, 0x00007ff9c9476a68]
Event: 1.564 Thread 0x00007ff9d80cb800 1349 %     3       com.aizone.blockchain.mine.pow.ProofOfWork::run @ 5 (71 bytes)
Event: 1.565 Thread 0x00007ff9d80cb800 nmethod 1349% 0x00007ff9c9483550 code [0x00007ff9c9483800, 0x00007ff9c94848b8]
Event: 1.566 Thread 0x00007ff9d80cb800 1350       3       com.aizone.blockchain.mine.pow.ProofOfWork::run (71 bytes)
Event: 1.567 Thread 0x00007ff9d80cb800 nmethod 1350 0x00007ff9c949e150 code [0x00007ff9c949e400, 0x00007ff9c949f418]
Event: 1.665 Thread 0x00007ff9d80c4800 1351 %     4       com.aizone.blockchain.mine.pow.ProofOfWork::run @ 5 (71 bytes)
Event: 1.681 Thread 0x00007ff9d80c4800 nmethod 1351% 0x00007ff9c9454490 code [0x00007ff9c9454680, 0x00007ff9c9454eb0]

GC Heap History (10 events):
Event: 1.350 GC heap after
Heap after GC invocations=2 (full 0):
 PSYoungGen      total 74240K, used 6658K [0x000000076d580000, 0x0000000776680000, 0x00000007c0000000)
  eden space 64000K, 0% used [0x000000076d580000,0x000000076d580000,0x0000000771400000)
  from space 10240K, 65% used [0x0000000771e00000,0x00000007724809c0,0x0000000772800000)
  to   space 10240K, 0% used [0x0000000771400000,0x0000000771400000,0x0000000771e00000)
 ParOldGen       total 169472K, used 24K [0x00000006c8000000, 0x00000006d2580000, 0x000000076d580000)
  object space 169472K, 0% used [0x00000006c8000000,0x00000006c8006000,0x00000006d2580000)
 Metaspace       used 12401K, capacity 12604K, committed 12800K, reserved 1060864K
  class space    used 1449K, capacity 1517K, committed 1536K, reserved 1048576K
}
Event: 1.469 GC heap before
{Heap before GC invocations=3 (full 0):
 PSYoungGen      total 74240K, used 70658K [0x000000076d580000, 0x0000000776680000, 0x00000007c0000000)
  eden space 64000K, 100% used [0x000000076d580000,0x0000000771400000,0x0000000771400000)
  from space 10240K, 65% used [0x0000000771e00000,0x00000007724809c0,0x0000000772800000)
  to   space 10240K, 0% used [0x0000000771400000,0x0000000771400000,0x0000000771e00000)
 ParOldGen       total 169472K, used 24K [0x00000006c8000000, 0x00000006d2580000, 0x000000076d580000)
  object space 169472K, 0% used [0x00000006c8000000,0x00000006c8006000,0x00000006d2580000)
 Metaspace       used 12401K, capacity 12604K, committed 12800K, reserved 1060864K
  class space    used 1449K, capacity 1517K, committed 1536K, reserved 1048576K
Event: 1.475 GC heap after
Heap after GC invocations=3 (full 0):
 PSYoungGen      total 74240K, used 5858K [0x000000076d580000, 0x0000000776680000, 0x00000007c0000000)
  eden space 64000K, 0% used [0x000000076d580000,0x000000076d580000,0x0000000771400000)
  from space 10240K, 57% used [0x0000000771400000,0x00000007719b8980,0x0000000771e00000)
  to   space 10240K, 0% used [0x0000000775c80000,0x0000000775c80000,0x0000000776680000)
 ParOldGen       total 169472K, used 32K [0x00000006c8000000, 0x00000006d2580000, 0x000000076d580000)
  object space 169472K, 0% used [0x00000006c8000000,0x00000006c8008000,0x00000006d2580000)
 Metaspace       used 12401K, capacity 12604K, committed 12800K, reserved 1060864K
  class space    used 1449K, capacity 1517K, committed 1536K, reserved 1048576K
}
Event: 1.549 GC heap before
{Heap before GC invocations=4 (full 0):
 PSYoungGen      total 74240K, used 69858K [0x000000076d580000, 0x0000000776680000, 0x00000007c0000000)
  eden space 64000K, 100% used [0x000000076d580000,0x0000000771400000,0x0000000771400000)
  from space 10240K, 57% used [0x0000000771400000,0x00000007719b8980,0x0000000771e00000)
  to   space 10240K, 0% used [0x0000000775c80000,0x0000000775c80000,0x0000000776680000)
 ParOldGen       total 169472K, used 32K [0x00000006c8000000, 0x00000006d2580000, 0x000000076d580000)
  object space 169472K, 0% used [0x00000006c8000000,0x00000006c8008000,0x00000006d2580000)
 Metaspace       used 12402K, capacity 12604K, committed 12800K, reserved 1060864K
  class space    used 1449K, capacity 1517K, committed 1536K, reserved 1048576K
Event: 1.553 GC heap after
Heap after GC invocations=4 (full 0):
 PSYoungGen      total 138240K, used 5826K [0x000000076d580000, 0x0000000776680000, 0x00000007c0000000)
  eden space 128000K, 0% used [0x000000076d580000,0x000000076d580000,0x0000000775280000)
  from space 10240K, 56% used [0x0000000775c80000,0x0000000776230960,0x0000000776680000)
  to   space 10240K, 0% used [0x0000000775280000,0x0000000775280000,0x0000000775c80000)
 ParOldGen       total 169472K, used 40K [0x00000006c8000000, 0x00000006d2580000, 0x000000076d580000)
  object space 169472K, 0% used [0x00000006c8000000,0x00000006c800a000,0x00000006d2580000)
 Metaspace       used 12402K, capacity 12604K, committed 12800K, reserved 1060864K
  class space    used 1449K, capacity 1517K, committed 1536K, reserved 1048576K
}
Event: 1.655 GC heap before
{Heap before GC invocations=5 (full 0):
 PSYoungGen      total 138240K, used 133826K [0x000000076d580000, 0x0000000776680000, 0x00000007c0000000)
  eden space 128000K, 100% used [0x000000076d580000,0x0000000775280000,0x0000000775280000)
  from space 10240K, 56% used [0x0000000775c80000,0x0000000776230960,0x0000000776680000)
  to   space 10240K, 0% used [0x0000000775280000,0x0000000775280000,0x0000000775c80000)
 ParOldGen       total 169472K, used 40K [0x00000006c8000000, 0x00000006d2580000, 0x000000076d580000)
  object space 169472K, 0% used [0x00000006c8000000,0x00000006c800a000,0x00000006d2580000)
 Metaspace       used 12402K, capacity 12604K, committed 12800K, reserved 1060864K
  class space    used 1449K, capacity 1517K, committed 1536K, reserved 1048576K
Event: 1.659 GC heap after
Heap after GC invocations=5 (full 0):
 PSYoungGen      total 138240K, used 5866K [0x000000076d580000, 0x000000077e080000, 0x00000007c0000000)
  eden space 128000K, 0% used [0x000000076d580000,0x000000076d580000,0x0000000775280000)
  from space 10240K, 57% used [0x0000000775280000,0x000000077583a950,0x0000000775c80000)
  to   space 8704K, 0% used [0x000000077d800000,0x000000077d800000,0x000000077e080000)
 ParOldGen       total 169472K, used 48K [0x00000006c8000000, 0x00000006d2580000, 0x000000076d580000)
  object space 169472K, 0% used [0x00000006c8000000,0x00000006c800c000,0x00000006d2580000)
 Metaspace       used 12402K, capacity 12604K, committed 12800K, reserved 1060864K
  class space    used 1449K, capacity 1517K, committed 1536K, reserved 1048576K
}
Event: 1.745 GC heap before
{Heap before GC invocations=6 (full 0):
 PSYoungGen      total 138240K, used 133866K [0x000000076d580000, 0x000000077e080000, 0x00000007c0000000)
  eden space 128000K, 100% used [0x000000076d580000,0x0000000775280000,0x0000000775280000)
  from space 10240K, 57% used [0x0000000775280000,0x000000077583a950,0x0000000775c80000)
  to   space 8704K, 0% used [0x000000077d800000,0x000000077d800000,0x000000077e080000)
 ParOldGen       total 169472K, used 48K [0x00000006c8000000, 0x00000006d2580000, 0x000000076d580000)
  object space 169472K, 0% used [0x00000006c8000000,0x00000006c800c000,0x00000006d2580000)
 Metaspace       used 12405K, capacity 12668K, committed 12800K, reserved 1060864K
  class space    used 1450K, capacity 1517K, committed 1536K, reserved 1048576K
Event: 1.749 GC heap after
Heap after GC invocations=6 (full 0):
 PSYoungGen      total 263680K, used 5858K [0x000000076d580000, 0x000000077df80000, 0x00000007c0000000)
  eden space 256000K, 0% used [0x000000076d580000,0x000000076d580000,0x000000077cf80000)
  from space 7680K, 76% used [0x000000077d800000,0x000000077ddb8960,0x000000077df80000)
  to   space 8192K, 0% used [0x000000077cf80000,0x000000077cf80000,0x000000077d780000)
 ParOldGen       total 169472K, used 56K [0x00000006c8000000, 0x00000006d2580000, 0x000000076d580000)
  object space 169472K, 0% used [0x00000006c8000000,0x00000006c800e000,0x00000006d2580000)
 Metaspace       used 12405K, capacity 12668K, committed 12800K, reserved 1060864K
  class space    used 1450K, capacity 1517K, committed 1536K, reserved 1048576K
}
Event: 1.946 GC heap before
{Heap before GC invocations=7 (full 0):
 PSYoungGen      total 263680K, used 261858K [0x000000076d580000, 0x000000077df80000, 0x00000007c0000000)
  eden space 256000K, 100% used [0x000000076d580000,0x000000077cf80000,0x000000077cf80000)
  from space 7680K, 76% used [0x000000077d800000,0x000000077ddb8960,0x000000077df80000)
  to   space 8192K, 0% used [0x000000077cf80000,0x000000077cf80000,0x000000077d780000)
 ParOldGen       total 169472K, used 56K [0x00000006c8000000, 0x00000006d2580000, 0x000000076d580000)
  object space 169472K, 0% used [0x00000006c8000000,0x00000006c800e000,0x00000006d2580000)
 Metaspace       used 12405K, capacity 12668K, committed 12800K, reserved 1060864K
  class space    used 1450K, capacity 1517K, committed 1536K, reserved 1048576K

Deoptimization events (10 events):
Event: 1.023 Thread 0x00007ff9d800d000 Uncommon trap: reason=unstable_if action=reinterpret pc=0x00007ff9c932c620 method=java.util.jar.Manifest$FastInputStream.peek()B @ 23
Event: 1.047 Thread 0x00007ff9d800d000 Uncommon trap: reason=unstable_if action=reinterpret pc=0x00007ff9c9256ea8 method=java.util.jar.Manifest$FastInputStream.peek()B @ 23
Event: 1.124 Thread 0x00007ff9d800d000 Uncommon trap: reason=unstable_if action=reinterpret pc=0x00007ff9c92e3c68 method=java.lang.CharacterDataLatin1.digit(II)I @ 82
Event: 1.135 Thread 0x00007ff9d800d000 Uncommon trap: reason=unstable_if action=reinterpret pc=0x00007ff9c91df930 method=java.util.HashMap.hash(Ljava/lang/Object;)I @ 1
Event: 1.150 Thread 0x00007ff9d800d000 Uncommon trap: reason=unstable_if action=reinterpret pc=0x00007ff9c91ee6c4 method=java.lang.AbstractStringBuilder.append(Ljava/lang/String;)Ljava/lang/AbstractStringBuilder; @ 1
Event: 1.150 Thread 0x00007ff9d800d000 Uncommon trap: reason=unstable_if action=reinterpret pc=0x00007ff9c91e030c method=java.lang.AbstractStringBuilder.append(Ljava/lang/String;)Ljava/lang/AbstractStringBuilder; @ 1
Event: 1.232 Thread 0x00007ff9d800d000 Uncommon trap: reason=array_check action=maybe_recompile pc=0x00007ff9c942865c method=java.util.stream.Nodes$FixedNodeBuilder.accept(Ljava/lang/Object;)V @ 28
Event: 1.232 Thread 0x00007ff9d800d000 Uncommon trap: reason=array_check action=maybe_recompile pc=0x00007ff9c942865c method=java.util.stream.Nodes$FixedNodeBuilder.accept(Ljava/lang/Object;)V @ 28
Event: 1.232 Thread 0x00007ff9d800d000 Uncommon trap: reason=array_check action=maybe_recompile pc=0x00007ff9c942865c method=java.util.stream.Nodes$FixedNodeBuilder.accept(Ljava/lang/Object;)V @ 28
Event: 1.232 Thread 0x00007ff9d800d000 Uncommon trap: reason=array_check action=maybe_recompile pc=0x00007ff9c942865c method=java.util.stream.Nodes$FixedNodeBuilder.accept(Ljava/lang/Object;)V @ 28

Internal exceptions (10 events):
Event: 0.154 Thread 0x00007ff9d800d000 Exception <a 'java/security/PrivilegedActionException'> (0x000000076da03d90) thrown at [/HUDSON/workspace/8-2-build-linux-amd64/jdk8u151/9699/hotspot/src/share/vm/prims/jvm.cpp, line 1390]
Event: 0.155 Thread 0x00007ff9d800d000 Exception <a 'java/security/PrivilegedActionException'> (0x000000076da05b00) thrown at [/HUDSON/workspace/8-2-build-linux-amd64/jdk8u151/9699/hotspot/src/share/vm/prims/jvm.cpp, line 1390]
Event: 0.155 Thread 0x00007ff9d800d000 Exception <a 'java/security/PrivilegedActionException'> (0x000000076da05d10) thrown at [/HUDSON/workspace/8-2-build-linux-amd64/jdk8u151/9699/hotspot/src/share/vm/prims/jvm.cpp, line 1390]
Event: 0.319 Thread 0x00007ff9d800d000 Implicit null exception at 0x00007ff9c91dcc75 to 0x00007ff9c91dccf9
Event: 1.107 Thread 0x00007ff9d800d000 Exception <a 'java/lang/NoSuchFieldError': method resolution failed> (0x000000076e03f000) thrown at [/HUDSON/workspace/8-2-build-linux-amd64/jdk8u151/9699/hotspot/src/share/vm/prims/methodHandles.cpp, line 1146]
Event: 1.109 Thread 0x00007ff9d800d000 Exception <a 'java/lang/NoSuchFieldError': method resolution failed> (0x000000076e04c6c0) thrown at [/HUDSON/workspace/8-2-build-linux-amd64/jdk8u151/9699/hotspot/src/share/vm/prims/methodHandles.cpp, line 1146]
Event: 1.135 Thread 0x00007ff9d800d000 Implicit null exception at 0x00007ff9c91df898 to 0x00007ff9c91df926
Event: 1.139 Thread 0x00007ff9d800d000 Exception <a 'java/lang/ArrayIndexOutOfBoundsException'> (0x000000076e11a608) thrown at [/HUDSON/workspace/8-2-build-linux-amd64/jdk8u151/9699/hotspot/src/share/vm/runtime/sharedRuntime.cpp, line 605]
Event: 1.150 Thread 0x00007ff9d800d000 Implicit null exception at 0x00007ff9c91ee2f5 to 0x00007ff9c91ee6b1
Event: 1.150 Thread 0x00007ff9d800d000 Implicit null exception at 0x00007ff9c91dff36 to 0x00007ff9c91e02f5

Events (10 events):
Event: 1.553 Executing VM operation: ParallelGCFailedAllocation done
Event: 1.655 Executing VM operation: ParallelGCFailedAllocation
Event: 1.659 Executing VM operation: ParallelGCFailedAllocation done
Event: 1.665 loading class com/aizone/blockchain/mine/pow/PowResult
Event: 1.665 loading class com/aizone/blockchain/mine/pow/PowResult done
Event: 1.682 Thread 0x00007ff9d800d000 DEOPT PACKING pc=0x00007ff9c94846d8 sp=0x00007ff9e0d23f60
Event: 1.682 Thread 0x00007ff9d800d000 DEOPT UNPACKING pc=0x00007ff9c9047633 sp=0x00007ff9e0d23db0 mode 0
Event: 1.745 Executing VM operation: ParallelGCFailedAllocation
Event: 1.749 Executing VM operation: ParallelGCFailedAllocation done
Event: 1.946 Executing VM operation: ParallelGCFailedAllocation


Dynamic libraries:
00400000-00401000 r-xp 00000000 08:12 2626127                            /opt/jdk/bin/java
00600000-00601000 rw-p 00000000 08:12 2626127                            /opt/jdk/bin/java
01b05000-01b26000 rw-p 00000000 00:00 0                                  [heap]
6c8000000-6d2580000 rw-p 00000000 00:00 0 
6d2580000-76d580000 ---p 00000000 00:00 0 
76d580000-77df80000 rw-p 00000000 00:00 0 
78dc80000-7c0000000 ---p 00000000 00:00 0 
7c0000000-7c0180000 rw-p 00000000 00:00 0 
7c0180000-800000000 ---p 00000000 00:00 0 
7ff938000000-7ff938021000 rw-p 00000000 00:00 0 
7ff938021000-7ff93c000000 ---p 00000000 00:00 0 
7ff940000000-7ff940021000 rw-p 00000000 00:00 0 
7ff940021000-7ff944000000 ---p 00000000 00:00 0 
7ff9477ff000-7ff947800000 ---p 00000000 00:00 0 
7ff947800000-7ff948000000 rw-p 00000000 00:00 0 
7ff948000000-7ff948021000 rw-p 00000000 00:00 0 
7ff948021000-7ff94c000000 ---p 00000000 00:00 0 
7ff94e7fd000-7ff94e7fe000 ---p 00000000 00:00 0 
7ff94e7fe000-7ff94effe000 rw-p 00000000 00:00 0 
7ff94effe000-7ff94efff000 ---p 00000000 00:00 0 
7ff94efff000-7ff94f7ff000 rw-p 00000000 00:00 0 
7ff94f7ff000-7ff94f800000 ---p 00000000 00:00 0 
7ff94f800000-7ff950000000 rw-p 00000000 00:00 0 
7ff950000000-7ff950021000 rw-p 00000000 00:00 0 
7ff950021000-7ff954000000 ---p 00000000 00:00 0 
7ff954000000-7ff954021000 rw-p 00000000 00:00 0 
7ff954021000-7ff958000000 ---p 00000000 00:00 0 
7ff958000000-7ff958021000 rw-p 00000000 00:00 0 
7ff958021000-7ff95c000000 ---p 00000000 00:00 0 
7ff95c000000-7ff95c021000 rw-p 00000000 00:00 0 
7ff95c021000-7ff960000000 ---p 00000000 00:00 0 
7ff960000000-7ff960062000 rw-p 00000000 00:00 0 
7ff960062000-7ff964000000 ---p 00000000 00:00 0 
7ff964000000-7ff964021000 rw-p 00000000 00:00 0 
7ff964021000-7ff968000000 ---p 00000000 00:00 0 
7ff968000000-7ff968021000 rw-p 00000000 00:00 0 
7ff968021000-7ff96c000000 ---p 00000000 00:00 0 
7ff96c000000-7ff96c021000 rw-p 00000000 00:00 0 
7ff96c021000-7ff970000000 ---p 00000000 00:00 0 
7ff970000000-7ff9705a7000 rw-p 00000000 00:00 0 
7ff9705a7000-7ff974000000 ---p 00000000 00:00 0 
7ff974000000-7ff9742d5000 rw-p 00000000 00:00 0 
7ff9742d5000-7ff978000000 ---p 00000000 00:00 0 
7ff978000000-7ff97851c000 rw-p 00000000 00:00 0 
7ff97851c000-7ff97c000000 ---p 00000000 00:00 0 
7ff97c000000-7ff97c379000 rw-p 00000000 00:00 0 
7ff97c379000-7ff980000000 ---p 00000000 00:00 0 
7ff980000000-7ff980021000 rw-p 00000000 00:00 0 
7ff980021000-7ff984000000 ---p 00000000 00:00 0 
7ff984000000-7ff984021000 rw-p 00000000 00:00 0 
7ff984021000-7ff988000000 ---p 00000000 00:00 0 
7ff988000000-7ff988021000 rw-p 00000000 00:00 0 
7ff988021000-7ff98c000000 ---p 00000000 00:00 0 
7ff98c400000-7ff994000000 rw-p 00000000 00:00 0 
7ff994000000-7ff994021000 rw-p 00000000 00:00 0 
7ff994021000-7ff998000000 ---p 00000000 00:00 0 
7ff998000000-7ff99828e000 rw-p 00000000 00:00 0 
7ff99828e000-7ff99c000000 ---p 00000000 00:00 0 
7ff99c000000-7ff99c021000 rw-p 00000000 00:00 0 
7ff99c021000-7ff9a0000000 ---p 00000000 00:00 0 
7ff9a4000000-7ff9a4021000 rw-p 00000000 00:00 0 
7ff9a4021000-7ff9a8000000 ---p 00000000 00:00 0 
7ff9aaffe000-7ff9aafff000 ---p 00000000 00:00 0 
7ff9aafff000-7ff9ab7ff000 rw-p 00000000 00:00 0 
7ff9ab7ff000-7ff9ab800000 ---p 00000000 00:00 0 
7ff9ab800000-7ff9ac000000 rw-p 00000000 00:00 0 
7ff9ac000000-7ff9ac021000 rw-p 00000000 00:00 0 
7ff9ac021000-7ff9b0000000 ---p 00000000 00:00 0 
7ff9b0799000-7ff9b0ddd000 r-xp 00000000 08:12 3034561                    /tmp/librocksdbjni7969232225333286537.so
7ff9b0ddd000-7ff9b0fdc000 ---p 00644000 08:12 3034561                    /tmp/librocksdbjni7969232225333286537.so
7ff9b0fdc000-7ff9b0ff7000 rw-p 00643000 08:12 3034561                    /tmp/librocksdbjni7969232225333286537.so
7ff9b0ff7000-7ff9b4000000 rw-p 00000000 00:00 0 
7ff9b4000000-7ff9b4021000 rw-p 00000000 00:00 0 
7ff9b4021000-7ff9b8000000 ---p 00000000 00:00 0 
7ff9b8129000-7ff9b8229000 rw-p 00000000 00:00 0 
7ff9b8229000-7ff9b8329000 ---p 00000000 00:00 0 
7ff9b8329000-7ff9b849b000 r-xp 00000000 08:12 3287189                    /usr/lib/x86_64-linux-gnu/libstdc++.so.6.0.21
7ff9b849b000-7ff9b869b000 ---p 00172000 08:12 3287189                    /usr/lib/x86_64-linux-gnu/libstdc++.so.6.0.21
7ff9b869b000-7ff9b86a5000 r--p 00172000 08:12 3287189                    /usr/lib/x86_64-linux-gnu/libstdc++.so.6.0.21
7ff9b86a5000-7ff9b86a7000 rw-p 0017c000 08:12 3287189                    /usr/lib/x86_64-linux-gnu/libstdc++.so.6.0.21
7ff9b86a7000-7ff9b86ab000 rw-p 00000000 00:00 0 
7ff9b86c8000-7ff9b86d9000 r-xp 00000000 08:12 2627890                    /opt/jdk/jre/lib/amd64/libnio.so
7ff9b86d9000-7ff9b88d8000 ---p 00011000 08:12 2627890                    /opt/jdk/jre/lib/amd64/libnio.so
7ff9b88d8000-7ff9b88d9000 rw-p 00010000 08:12 2627890                    /opt/jdk/jre/lib/amd64/libnio.so
7ff9b88d9000-7ff9b8ad9000 rw-p 00000000 00:00 0 
7ff9b8ad9000-7ff9b8aef000 r-xp 00000000 08:12 3674882                    /lib/x86_64-linux-gnu/libgcc_s.so.1
7ff9b8aef000-7ff9b8cee000 ---p 00016000 08:12 3674882                    /lib/x86_64-linux-gnu/libgcc_s.so.1
7ff9b8cee000-7ff9b8cef000 rw-p 00015000 08:12 3674882                    /lib/x86_64-linux-gnu/libgcc_s.so.1
7ff9b8d07000-7ff9b8d0c000 r--s 0003e000 08:12 2627742                    /opt/jdk/jre/lib/ext/sunjce_provider.jar
7ff9b8d0c000-7ff9b8d3e000 r-xp 00000000 08:12 2627839                    /opt/jdk/jre/lib/amd64/libsunec.so
7ff9b8d3e000-7ff9b8f3d000 ---p 00032000 08:12 2627839                    /opt/jdk/jre/lib/amd64/libsunec.so
7ff9b8f3d000-7ff9b8f43000 rw-p 00031000 08:12 2627839                    /opt/jdk/jre/lib/amd64/libsunec.so
7ff9b8f43000-7ff9b8f53000 rw-p 00000000 00:00 0 
7ff9b8f53000-7ff9b8f55000 r--s 00009000 08:12 2627732                    /opt/jdk/jre/lib/ext/sunec.jar
7ff9b8f55000-7ff9b8f58000 r--s 0003a000 08:12 2627739                    /opt/jdk/jre/lib/ext/sunpkcs11.jar
7ff9b8f58000-7ff9b8f5b000 r--s 0001a000 08:12 2627903                    /opt/jdk/jre/lib/jce.jar
7ff9b8f5b000-7ff9b8f60000 r--s 0009a000 08:12 2627730                    /opt/jdk/jre/lib/jsse.jar
7ff9b8f60000-7ff9b8f80000 r--s 000fa000 08:12 1722198                    /opt/maven/repository/org/springframework/boot/spring-boot-autoconfigure/2.0.1.RELEASE/spring-boot-autoconfigure-2.0.1.RELEASE.jar
7ff9b8f80000-7ff9b8f95000 r--s 000ce000 08:12 1722212                    /opt/maven/repository/org/springframework/boot/spring-boot/2.0.1.RELEASE/spring-boot-2.0.1.RELEASE.jar
7ff9b8f95000-7ff9b8f9b000 r--s 0002d000 08:12 1457668                    /opt/maven/repository/org/springframework/boot/spring-boot-devtools/2.0.1.RELEASE/spring-boot-devtools-2.0.1.RELEASE.jar
7ff9b8f9b000-7ff9b8fa3000 r--s 00072000 08:12 955533                     /opt/maven/repository/org/apache/commons/commons-lang3/3.7/commons-lang3-3.7.jar
7ff9b8fa3000-7ff9b8fa6000 r--s 0000b000 08:12 1722286                    /opt/maven/repository/org/objenesis/objenesis/2.5.1/objenesis-2.5.1.jar
7ff9b8fa6000-7ff9b8fa7000 r--s 00001000 08:12 822521                     /opt/maven/repository/com/esotericsoftware/minlog/1.3.0/minlog-1.3.0.jar
7ff9b8fa7000-7ff9b8fa9000 r--s 0000c000 08:12 1447887                    /opt/maven/repository/org/ow2/asm/asm/5.0.4/asm-5.0.4.jar
7ff9b8fa9000-7ff9b8fab000 r--s 00004000 08:12 834429                     /opt/maven/repository/com/esotericsoftware/reflectasm/1.11.3/reflectasm-1.11.3.jar
7ff9b8fab000-7ff9b8fb2000 r--s 0004c000 08:12 834427                     /opt/maven/repository/com/esotericsoftware/kryo/4.0.1/kryo-4.0.1.jar
7ff9b8fb2000-7ff9b8fde000 r--s 00208000 08:12 824027                     /opt/maven/repository/com/google/guava/guava/19.0/guava-19.0.jar
7ff9b8fde000-7ff9b8fe2000 r--s 00c63000 08:12 1722052                    /opt/maven/repository/org/rocksdb/rocksdbjni/5.10.3/rocksdbjni-5.10.3.jar
7ff9b8fe2000-7ff9b8fe9000 r--s 0003f000 08:12 824398                     /opt/maven/repository/commons-codec/commons-codec/1.10/commons-codec-1.10.jar
7ff9b8fe9000-7ff9b9040000 r--s 00391000 08:12 1333327                    /opt/maven/repository/org/bouncycastle/bcprov-jdk15on/1.59/bcprov-jdk15on-1.59.jar
7ff9b9040000-7ff9b9045000 r--s 00022000 08:12 955045                     /opt/maven/repository/org/xmlunit/xmlunit-core/2.5.1/xmlunit-core-2.5.1.jar
7ff9b9045000-7ff9b9053000 r--s 00085000 08:12 1722216                    /opt/maven/repository/org/springframework/spring-test/5.0.5.RELEASE/spring-test-5.0.5.RELEASE.jar
7ff9b9053000-7ff9b9055000 r--s 00004000 08:12 1722200                    /opt/maven/repository/org/springframework/spring-jcl/5.0.5.RELEASE/spring-jcl-5.0.5.RELEASE.jar
7ff9b9055000-7ff9b906d000 r--s 00114000 08:12 1722218                    /opt/maven/repository/org/springframework/spring-core/5.0.5.RELEASE/spring-core-5.0.5.RELEASE.jar
7ff9b906d000-7ff9b906e000 r--s 00004000 08:12 824280                     /opt/maven/repository/com/vaadin/external/google/android-json/0.0.20131108.vaadin1/android-json-0.0.20131108.vaadin1.jar
7ff9b906e000-7ff9b9070000 r--s 00006000 08:12 1320479                    /opt/maven/repository/org/skyscreamer/jsonassert/1.5.0/jsonassert-1.5.0.jar
7ff9b9070000-7ff9b9071000 r--s 0000c000 08:12 939954                     /opt/maven/repository/org/hamcrest/hamcrest-library/1.3/hamcrest-library-1.3.jar
7ff9b9071000-7ff9b9073000 r--s 00009000 08:12 939940                     /opt/maven/repository/org/hamcrest/hamcrest-core/1.3/hamcrest-core-1.3.jar
7ff9b9073000-7ff9b9075000 r--s 00009000 08:12 2241170                    /opt/maven/repository/net/bytebuddy/byte-buddy-agent/1.7.11/byte-buddy-agent-1.7.11.jar
7ff9b9075000-7ff9b90b1000 r--s 00290000 08:12 2241168                    /opt/maven/repository/net/bytebuddy/byte-buddy/1.7.11/byte-buddy-1.7.11.jar
7ff9b90b1000-7ff9b90c1000 r--s 00075000 08:12 1725205                    /opt/maven/repository/org/mockito/mockito-core/2.15.0/mockito-core-2.15.0.jar
7ff9b90c1000-7ff9b9116000 r--s 00367000 08:12 1725169                    /opt/maven/repository/org/assertj/assertj-core/3.9.1/assertj-core-3.9.1.jar
7ff9b9116000-7ff9b911e000 r--s 00045000 08:12 1577804                    /opt/maven/repository/junit/junit/4.12/junit-4.12.jar
7ff9b911e000-7ff9b9120000 r--s 00009000 08:12 1447723                    /opt/maven/repository/org/slf4j/slf4j-api/1.7.25/slf4j-api-1.7.25.jar
7ff9b9120000-7ff9b9122000 r--s 00006000 08:12 1979949                    /opt/maven/repository/net/minidev/accessors-smart/1.2/accessors-smart-1.2.jar
7ff9b9122000-7ff9b9125000 r--s 0001b000 08:12 1979948                    /opt/maven/repository/net/minidev/json-smart/2.3/json-smart-2.3.jar
7ff9b9125000-7ff9b912b000 r--s 00031000 08:12 690122                     /opt/maven/repository/com/jayway/jsonpath/json-path/2.4.0/json-path-2.4.0.jar
7ff9b912b000-7ff9b9132000 r--s 00020000 08:12 1722187                    /opt/maven/repository/org/springframework/boot/spring-boot-test-autoconfigure/2.0.1.RELEASE/spring-boot-test-autoconfigure-2.0.1.RELEASE.jar
7ff9b9132000-7ff9b9137000 r--s 0002b000 08:12 1722214                    /opt/maven/repository/org/springframework/boot/spring-boot-test/2.0.1.RELEASE/spring-boot-test-2.0.1.RELEASE.jar
7ff9b9137000-7ff9b9138000 r--s 00000000 08:12 1722208                    /opt/maven/repository/org/springframework/boot/spring-boot-starter-test/2.0.1.RELEASE/spring-boot-starter-test-2.0.1.RELEASE.jar
7ff9b9138000-7ff9b913d000 r--s 0003f000 08:12 1722186                    /opt/maven/repository/org/springframework/spring-expression/5.0.5.RELEASE/spring-expression-5.0.5.RELEASE.jar
7ff9b913d000-7ff9b9157000 r--s 000f1000 08:12 1722206                    /opt/maven/repository/org/springframework/spring-context/5.0.5.RELEASE/spring-context-5.0.5.RELEASE.jar
7ff9b9157000-7ff9b9160000 r--s 00051000 08:12 1722185                    /opt/maven/repository/org/springframework/spring-aop/5.0.5.RELEASE/spring-aop-5.0.5.RELEASE.jar
7ff9b9160000-7ff9b916f000 r--s 000b2000 08:12 1722202                    /opt/maven/repository/org/springframework/spring-webmvc/5.0.5.RELEASE/spring-webmvc-5.0.5.RELEASE.jar
7ff9b916f000-7ff9b917c000 r--s 00095000 08:12 1722204                    /opt/maven/repository/org/springframework/spring-beans/5.0.5.RELEASE/spring-beans-5.0.5.RELEASE.jar
7ff9b917c000-7ff9b9196000 r--s 00119000 08:12 1333317                    /opt/maven/repository/org/springframework/spring-web/5.0.5.RELEASE/spring-web-5.0.5.RELEASE.jar
7ff9b9196000-7ff9b9198000 r--s 0000e000 08:12 947661                     /opt/maven/repository/com/fasterxml/classmate/1.3.4/classmate-1.3.4.jar
7ff9b9198000-7ff9b919a000 r--s 0000f000 08:12 955042                     /opt/maven/repository/org/jboss/logging/jboss-logging/3.3.2.Final/jboss-logging-3.3.2.Final.jar
7ff9b919a000-7ff9b919f000 r--s 00012000 08:12 1725166                    /opt/maven/repository/javax/validation/validation-api/2.0.1.Final/validation-api-2.0.1.Final.jar
7ff9b919f000-7ff9b91bc000 r--s 000f8000 08:12 1457662                    /opt/maven/repository/org/hibernate/validator/hibernate-validator/6.0.9.Final/hibernate-validator-6.0.9.Final.jar
7ff9b91bc000-7ff9b91c1000 r--s 0003a000 08:12 1333319                    /opt/maven/repository/org/apache/tomcat/embed/tomcat-embed-websocket/8.5.29/tomcat-embed-websocket-8.5.29.jar
7ff9b91c1000-7ff9b91c5000 r--s 00037000 08:12 955517                     /opt/maven/repository/org/apache/tomcat/embed/tomcat-embed-el/8.5.29/tomcat-embed-el-8.5.29.jar
7ff9b91c5000-7ff9b91ef000 r--s 002cc000 08:12 955519                     /opt/maven/repository/org/apache/tomcat/embed/tomcat-embed-core/8.5.29/tomcat-embed-core-8.5.29.jar
7ff9b91ef000-7ff9b91f0000 r--s 00000000 08:12 1722191                    /opt/maven/repository/org/springframework/boot/spring-boot-starter-tomcat/2.0.1.RELEASE/spring-boot-starter-tomcat-2.0.1.RELEASE.jar
7ff9b91f0000-7ff9b91f2000 r--s 00001000 08:12 688650                     /opt/maven/repository/com/fasterxml/jackson/module/jackson-module-parameter-names/2.9.5/jackson-module-parameter-names-2.9.5.jar
7ff9b91f2000-7ff9b91f5000 r--s 00016000 08:12 688647                     /opt/maven/repository/com/fasterxml/jackson/datatype/jackson-datatype-jsr310/2.9.5/jackson-datatype-jsr310-2.9.5.jar
7ff9b91f5000-7ff9b91f7000 r--s 00007000 08:12 688648                     /opt/maven/repository/com/fasterxml/jackson/datatype/jackson-datatype-jdk8/2.9.5/jackson-datatype-jdk8-2.9.5.jar
7ff9b91f7000-7ff9b91fb000 r--s 0004b000 08:12 688654                     /opt/maven/repository/com/fasterxml/jackson/core/jackson-core/2.9.5/jackson-core-2.9.5.jar
7ff9b91fb000-7ff9b91fe000 r--s 0000e000 08:12 1453011                    /opt/maven/repository/com/fasterxml/jackson/core/jackson-annotations/2.9.0/jackson-annotations-2.9.0.jar
7ff9b91fe000-7ff9b9211000 r--s 00135000 08:12 688652                     /opt/maven/repository/com/fasterxml/jackson/core/jackson-databind/2.9.5/jackson-databind-2.9.5.jar
7ff9b9211000-7ff9b9218000 r--s 00042000 08:12 955029                     /opt/maven/repository/org/yaml/snakeyaml/1.19/snakeyaml-1.19.jar
7ff9b9218000-7ff9b921a000 r--s 00005000 08:12 1725187                    /opt/maven/repository/javax/annotation/javax.annotation-api/1.3.2/javax.annotation-api-1.3.2.jar
7ff9b921a000-7ff9b9220000 r--s 00039000 08:12 1725179                    /opt/maven/repository/org/apache/logging/log4j/log4j-api/2.10.0/log4j-api-2.10.0.jar
7ff9b9220000-7ff9b922b000 r--s 00069000 08:12 1725175                    /opt/maven/repository/ch/qos/logback/logback-core/1.2.3/logback-core-1.2.3.jar
7ff9b922b000-7ff9b923e000 r--s 00345000 08:12 2627711                    /opt/jdk/jre/lib/resources.jar
7ff9b923e000-7ff9b9251000 r--s 000d6000 08:12 2627615                    /opt/jdk/jre/lib/plugin.jar
7ff9b9251000-7ff9b9268000 r-xp 00000000 08:12 2627887                    /opt/jdk/jre/lib/amd64/libnet.so
7ff9b9268000-7ff9b9467000 ---p 00017000 08:12 2627887                    /opt/jdk/jre/lib/amd64/libnet.so
7ff9b9467000-7ff9b9468000 rw-p 00016000 08:12 2627887                    /opt/jdk/jre/lib/amd64/libnet.so
7ff9b9468000-7ff9b946b000 ---p 00000000 00:00 0 
7ff9b946b000-7ff9b9569000 rw-p 00000000 00:00 0 
7ff9b9569000-7ff9b956a000 r-xp 00000000 08:12 2889424                    /opt/idea-java/bin/libbreakgen64.so
7ff9b956a000-7ff9b9769000 ---p 00001000 08:12 2889424                    /opt/idea-java/bin/libbreakgen64.so
7ff9b9769000-7ff9b976a000 r--p 00000000 08:12 2889424                    /opt/idea-java/bin/libbreakgen64.so
7ff9b976a000-7ff9b976b000 rw-p 00001000 08:12 2889424                    /opt/idea-java/bin/libbreakgen64.so
7ff9b976b000-7ff9b976c000 ---p 00000000 00:00 0 
7ff9b976c000-7ff9b986c000 rw-p 00000000 00:00 0 
7ff9b986c000-7ff9b986f000 ---p 00000000 00:00 0 
7ff9b986f000-7ff9b996d000 rw-p 00000000 00:00 0 
7ff9b996d000-7ff9b9970000 ---p 00000000 00:00 0 
7ff9b9970000-7ff9b9a6e000 rw-p 00000000 00:00 0 
7ff9b9a6e000-7ff9b9a71000 ---p 00000000 00:00 0 
7ff9b9a71000-7ff9b9b6f000 rw-p 00000000 00:00 0 
7ff9b9b6f000-7ff9b9b72000 ---p 00000000 00:00 0 
7ff9b9b72000-7ff9b9c70000 rw-p 00000000 00:00 0 
7ff9b9c70000-7ff9b9c73000 ---p 00000000 00:00 0 
7ff9b9c73000-7ff9b9d71000 rw-p 00000000 00:00 0 
7ff9b9d71000-7ff9b9d74000 ---p 00000000 00:00 0 
7ff9b9d74000-7ff9b9e72000 rw-p 00000000 00:00 0 
7ff9b9e72000-7ff9ba2fd000 r--p 00000000 08:12 3295592                    /usr/lib/locale/locale-archive
7ff9ba2fd000-7ff9ba300000 ---p 00000000 00:00 0 
7ff9ba300000-7ff9ba3fe000 rw-p 00000000 00:00 0 
7ff9ba3fe000-7ff9ba401000 ---p 00000000 00:00 0 
7ff9ba401000-7ff9ba4ff000 rw-p 00000000 00:00 0 
7ff9ba4ff000-7ff9ba500000 ---p 00000000 00:00 0 
7ff9ba500000-7ff9bc000000 rw-p 00000000 00:00 0 
7ff9bc000000-7ff9bc021000 rw-p 00000000 00:00 0 
7ff9bc021000-7ff9c0000000 ---p 00000000 00:00 0 
7ff9c0000000-7ff9c0021000 rw-p 00000000 00:00 0 
7ff9c0021000-7ff9c4000000 ---p 00000000 00:00 0 
7ff9c4000000-7ff9c4021000 rw-p 00000000 00:00 0 
7ff9c4021000-7ff9c8000000 ---p 00000000 00:00 0 
7ff9c8000000-7ff9c8002000 r--s 00000000 08:12 1447363                    /opt/maven/repository/org/slf4j/jul-to-slf4j/1.7.25/jul-to-slf4j-1.7.25.jar
7ff9c8002000-7ff9c8004000 r--s 00003000 08:12 1725177                    /opt/maven/repository/org/apache/logging/log4j/log4j-to-slf4j/2.10.0/log4j-to-slf4j-2.10.0.jar
7ff9c8004000-7ff9c801f000 r--s 0020b000 08:12 2627591                    /opt/jdk/jre/lib/deploy.jar
7ff9c801f000-7ff9c9000000 rw-p 00000000 00:00 0 
7ff9c9000000-7ff9c94b0000 rwxp 00000000 00:00 0 
7ff9c94b0000-7ff9d8000000 ---p 00000000 00:00 0 
7ff9d8000000-7ff9d8a3e000 rw-p 00000000 00:00 0 
7ff9d8a3e000-7ff9dc000000 ---p 00000000 00:00 0 
7ff9dc000000-7ff9dc001000 r--s 00000000 08:12 2241166                    /opt/maven/repository/org/springframework/boot/spring-boot-starter-json/2.0.1.RELEASE/spring-boot-starter-json-2.0.1.RELEASE.jar
7ff9dc001000-7ff9dc007000 r--s 00041000 08:12 1725173                    /opt/maven/repository/ch/qos/logback/logback-classic/1.2.3/logback-classic-1.2.3.jar
7ff9dc007000-7ff9dc008000 r--s 00000000 08:12 1722196                    /opt/maven/repository/org/springframework/boot/spring-boot-starter-logging/2.0.1.RELEASE/spring-boot-starter-logging-2.0.1.RELEASE.jar
7ff9dc008000-7ff9dc009000 r--s 00000000 08:12 1722210                    /opt/maven/repository/org/springframework/boot/spring-boot-starter/2.0.1.RELEASE/spring-boot-starter-2.0.1.RELEASE.jar
7ff9dc009000-7ff9dc00a000 r--s 00000000 08:12 1722184                    /opt/maven/repository/org/springframework/boot/spring-boot-starter-web/2.0.1.RELEASE/spring-boot-starter-web-2.0.1.RELEASE.jar
7ff9dc00a000-7ff9dc00b000 r--s 00000000 08:12 2627597                    /opt/jdk/jre/lib/management-agent.jar
7ff9dc00b000-7ff9dc010000 r--s 0009a000 08:12 2627730                    /opt/jdk/jre/lib/jsse.jar
7ff9dc010000-7ff9dc282000 rw-p 00000000 00:00 0 
7ff9dc282000-7ff9dc45b000 r--s 03d5a000 08:12 2627673                    /opt/jdk/jre/lib/rt.jar
7ff9dc45b000-7ff9dc4d1000 rw-p 00000000 00:00 0 
7ff9dc4d1000-7ff9dc4d2000 ---p 00000000 00:00 0 
7ff9dc4d2000-7ff9dc5d2000 rw-p 00000000 00:00 0 
7ff9dc5d2000-7ff9dc5d3000 ---p 00000000 00:00 0 
7ff9dc5d3000-7ff9dc6d3000 rw-p 00000000 00:00 0 
7ff9dc6d3000-7ff9dc6d4000 ---p 00000000 00:00 0 
7ff9dc6d4000-7ff9dc7d4000 rw-p 00000000 00:00 0 
7ff9dc7d4000-7ff9dc7d5000 ---p 00000000 00:00 0 
7ff9dc7d5000-7ff9dc8d5000 rw-p 00000000 00:00 0 
7ff9dc8d5000-7ff9dc8d6000 ---p 00000000 00:00 0 
7ff9dc8d6000-7ff9dc9d6000 rw-p 00000000 00:00 0 
7ff9dc9d6000-7ff9dc9d7000 ---p 00000000 00:00 0 
7ff9dc9d7000-7ff9dcad7000 rw-p 00000000 00:00 0 
7ff9dcad7000-7ff9dcad8000 ---p 00000000 00:00 0 
7ff9dcad8000-7ff9dcbd8000 rw-p 00000000 00:00 0 
7ff9dcbd8000-7ff9dcbd9000 ---p 00000000 00:00 0 
7ff9dcbd9000-7ff9dcd2c000 rw-p 00000000 00:00 0 
7ff9dcd2c000-7ff9dd204000 ---p 00000000 00:00 0 
7ff9dd204000-7ff9dd257000 rw-p 00000000 00:00 0 
7ff9dd257000-7ff9dd72e000 ---p 00000000 00:00 0 
7ff9dd72e000-7ff9dd7b4000 rw-p 00000000 00:00 0 
7ff9dd7b4000-7ff9dd9c4000 ---p 00000000 00:00 0 
7ff9dd9c4000-7ff9dd9d8000 rw-p 00000000 00:00 0 
7ff9dd9d8000-7ff9ddd85000 ---p 00000000 00:00 0 
7ff9ddd85000-7ff9ddda0000 r-xp 00000000 08:12 2627883                    /opt/jdk/jre/lib/amd64/libzip.so
7ff9ddda0000-7ff9ddfa0000 ---p 0001b000 08:12 2627883                    /opt/jdk/jre/lib/amd64/libzip.so
7ff9ddfa0000-7ff9ddfa1000 rw-p 0001b000 08:12 2627883                    /opt/jdk/jre/lib/amd64/libzip.so
7ff9ddfa1000-7ff9ddfac000 r-xp 00000000 08:12 3674943                    /lib/x86_64-linux-gnu/libnss_files-2.23.so
7ff9ddfac000-7ff9de1ab000 ---p 0000b000 08:12 3674943                    /lib/x86_64-linux-gnu/libnss_files-2.23.so
7ff9de1ab000-7ff9de1ac000 r--p 0000a000 08:12 3674943                    /lib/x86_64-linux-gnu/libnss_files-2.23.so
7ff9de1ac000-7ff9de1ad000 rw-p 0000b000 08:12 3674943                    /lib/x86_64-linux-gnu/libnss_files-2.23.so
7ff9de1ad000-7ff9de1b3000 rw-p 00000000 00:00 0 
7ff9de1b3000-7ff9de1be000 r-xp 00000000 08:12 3674953                    /lib/x86_64-linux-gnu/libnss_nis-2.23.so
7ff9de1be000-7ff9de3bd000 ---p 0000b000 08:12 3674953                    /lib/x86_64-linux-gnu/libnss_nis-2.23.so
7ff9de3bd000-7ff9de3be000 r--p 0000a000 08:12 3674953                    /lib/x86_64-linux-gnu/libnss_nis-2.23.so
7ff9de3be000-7ff9de3bf000 rw-p 0000b000 08:12 3674953                    /lib/x86_64-linux-gnu/libnss_nis-2.23.so
7ff9de3bf000-7ff9de3d5000 r-xp 00000000 08:12 3674937                    /lib/x86_64-linux-gnu/libnsl-2.23.so
7ff9de3d5000-7ff9de5d4000 ---p 00016000 08:12 3674937                    /lib/x86_64-linux-gnu/libnsl-2.23.so
7ff9de5d4000-7ff9de5d5000 r--p 00015000 08:12 3674937                    /lib/x86_64-linux-gnu/libnsl-2.23.so
7ff9de5d5000-7ff9de5d6000 rw-p 00016000 08:12 3674937                    /lib/x86_64-linux-gnu/libnsl-2.23.so
7ff9de5d6000-7ff9de5d8000 rw-p 00000000 00:00 0 
7ff9de5d8000-7ff9de5e0000 r-xp 00000000 08:12 3674939                    /lib/x86_64-linux-gnu/libnss_compat-2.23.so
7ff9de5e0000-7ff9de7df000 ---p 00008000 08:12 3674939                    /lib/x86_64-linux-gnu/libnss_compat-2.23.so
7ff9de7df000-7ff9de7e0000 r--p 00007000 08:12 3674939                    /lib/x86_64-linux-gnu/libnss_compat-2.23.so
7ff9de7e0000-7ff9de7e1000 rw-p 00008000 08:12 3674939                    /lib/x86_64-linux-gnu/libnss_compat-2.23.so
7ff9de7e1000-7ff9de80c000 r-xp 00000000 08:12 2627877                    /opt/jdk/jre/lib/amd64/libjava.so
7ff9de80c000-7ff9dea0b000 ---p 0002b000 08:12 2627877                    /opt/jdk/jre/lib/amd64/libjava.so
7ff9dea0b000-7ff9dea0d000 rw-p 0002a000 08:12 2627877                    /opt/jdk/jre/lib/amd64/libjava.so
7ff9dea0d000-7ff9dea1a000 r-xp 00000000 08:12 2627882                    /opt/jdk/jre/lib/amd64/libverify.so
7ff9dea1a000-7ff9dec1a000 ---p 0000d000 08:12 2627882                    /opt/jdk/jre/lib/amd64/libverify.so
7ff9dec1a000-7ff9dec1c000 rw-p 0000d000 08:12 2627882                    /opt/jdk/jre/lib/amd64/libverify.so
7ff9dec1c000-7ff9dec23000 r-xp 00000000 08:12 3674998                    /lib/x86_64-linux-gnu/librt-2.23.so
7ff9dec23000-7ff9dee22000 ---p 00007000 08:12 3674998                    /lib/x86_64-linux-gnu/librt-2.23.so
7ff9dee22000-7ff9dee23000 r--p 00006000 08:12 3674998                    /lib/x86_64-linux-gnu/librt-2.23.so
7ff9dee23000-7ff9dee24000 rw-p 00007000 08:12 3674998                    /lib/x86_64-linux-gnu/librt-2.23.so
7ff9dee24000-7ff9def2c000 r-xp 00000000 08:12 3674914                    /lib/x86_64-linux-gnu/libm-2.23.so
7ff9def2c000-7ff9df12b000 ---p 00108000 08:12 3674914                    /lib/x86_64-linux-gnu/libm-2.23.so
7ff9df12b000-7ff9df12c000 r--p 00107000 08:12 3674914                    /lib/x86_64-linux-gnu/libm-2.23.so
7ff9df12c000-7ff9df12d000 rw-p 00108000 08:12 3674914                    /lib/x86_64-linux-gnu/libm-2.23.so
7ff9df12d000-7ff9dfe00000 r-xp 00000000 08:12 2627860                    /opt/jdk/jre/lib/amd64/server/libjvm.so
7ff9dfe00000-7ff9dffff000 ---p 00cd3000 08:12 2627860                    /opt/jdk/jre/lib/amd64/server/libjvm.so
7ff9dffff000-7ff9e00d9000 rw-p 00cd2000 08:12 2627860                    /opt/jdk/jre/lib/amd64/server/libjvm.so
7ff9e00d9000-7ff9e0124000 rw-p 00000000 00:00 0 
7ff9e0124000-7ff9e02e4000 r-xp 00000000 08:12 3674844                    /lib/x86_64-linux-gnu/libc-2.23.so
7ff9e02e4000-7ff9e04e4000 ---p 001c0000 08:12 3674844                    /lib/x86_64-linux-gnu/libc-2.23.so
7ff9e04e4000-7ff9e04e8000 r--p 001c0000 08:12 3674844                    /lib/x86_64-linux-gnu/libc-2.23.so
7ff9e04e8000-7ff9e04ea000 rw-p 001c4000 08:12 3674844                    /lib/x86_64-linux-gnu/libc-2.23.so
7ff9e04ea000-7ff9e04ee000 rw-p 00000000 00:00 0 
7ff9e04ee000-7ff9e04f1000 r-xp 00000000 08:12 3674868                    /lib/x86_64-linux-gnu/libdl-2.23.so
7ff9e04f1000-7ff9e06f0000 ---p 00003000 08:12 3674868                    /lib/x86_64-linux-gnu/libdl-2.23.so
7ff9e06f0000-7ff9e06f1000 r--p 00002000 08:12 3674868                    /lib/x86_64-linux-gnu/libdl-2.23.so
7ff9e06f1000-7ff9e06f2000 rw-p 00003000 08:12 3674868                    /lib/x86_64-linux-gnu/libdl-2.23.so
7ff9e06f2000-7ff9e0708000 r-xp 00000000 08:12 2627488                    /opt/jdk/lib/amd64/jli/libjli.so
7ff9e0708000-7ff9e0907000 ---p 00016000 08:12 2627488                    /opt/jdk/lib/amd64/jli/libjli.so
7ff9e0907000-7ff9e0908000 rw-p 00015000 08:12 2627488                    /opt/jdk/lib/amd64/jli/libjli.so
7ff9e0908000-7ff9e0920000 r-xp 00000000 08:12 3674990                    /lib/x86_64-linux-gnu/libpthread-2.23.so
7ff9e0920000-7ff9e0b1f000 ---p 00018000 08:12 3674990                    /lib/x86_64-linux-gnu/libpthread-2.23.so
7ff9e0b1f000-7ff9e0b20000 r--p 00017000 08:12 3674990                    /lib/x86_64-linux-gnu/libpthread-2.23.so
7ff9e0b20000-7ff9e0b21000 rw-p 00018000 08:12 3674990                    /lib/x86_64-linux-gnu/libpthread-2.23.so
7ff9e0b21000-7ff9e0b25000 rw-p 00000000 00:00 0 
7ff9e0b25000-7ff9e0b4b000 r-xp 00000000 08:12 3674816                    /lib/x86_64-linux-gnu/ld-2.23.so
7ff9e0b4b000-7ff9e0b4d000 r--s 00007000 08:12 2627905                    /opt/jdk/jre/lib/jfxswt.jar
7ff9e0b4d000-7ff9e0b52000 r--s 00084000 08:12 2627590                    /opt/jdk/jre/lib/jfr.jar
7ff9e0b52000-7ff9e0b55000 r--s 0001a000 08:12 2627903                    /opt/jdk/jre/lib/jce.jar
7ff9e0b55000-7ff9e0c26000 rw-p 00000000 00:00 0 
7ff9e0c26000-7ff9e0c29000 ---p 00000000 00:00 0 
7ff9e0c29000-7ff9e0d2b000 rw-p 00000000 00:00 0 
7ff9e0d2b000-7ff9e0d35000 r--s 0006c000 08:12 2627600                    /opt/jdk/jre/lib/javaws.jar
7ff9e0d35000-7ff9e0d3a000 r--s 002f9000 08:12 2627671                    /opt/jdk/jre/lib/charsets.jar
7ff9e0d3a000-7ff9e0d3c000 r--s 0001d000 08:12 2889755                    /opt/idea-java/plugins/junit/lib/junit-rt.jar
7ff9e0d3c000-7ff9e0d3e000 r--s 00019000 08:12 2889478                    /opt/idea-java/lib/idea_rt.jar
7ff9e0d3e000-7ff9e0d46000 rw-s 00000000 08:12 3034560                    /tmp/hsperfdata_yangjian/18784
7ff9e0d46000-7ff9e0d47000 rw-p 00000000 00:00 0 
7ff9e0d47000-7ff9e0d48000 ---p 00000000 00:00 0 
7ff9e0d48000-7ff9e0d4a000 rw-p 00000000 00:00 0 
7ff9e0d4a000-7ff9e0d4b000 r--p 00025000 08:12 3674816                    /lib/x86_64-linux-gnu/ld-2.23.so
7ff9e0d4b000-7ff9e0d4c000 rw-p 00026000 08:12 3674816                    /lib/x86_64-linux-gnu/ld-2.23.so
7ff9e0d4c000-7ff9e0d4d000 rw-p 00000000 00:00 0 
7fff2b36a000-7fff2b38d000 rw-p 00000000 00:00 0                          [stack]
7fff2b3e9000-7fff2b3eb000 r--p 00000000 00:00 0                          [vvar]
7fff2b3eb000-7fff2b3ed000 r-xp 00000000 00:00 0                          [vdso]
ffffffffff600000-ffffffffff601000 r-xp 00000000 00:00 0                  [vsyscall]

VM Arguments:
jvm_args: -ea -Didea.launcher.port=7534 -Didea.launcher.bin.path=/opt/idea-java/bin -Dfile.encoding=UTF-8 
java_command: com.intellij.rt.execution.application.AppMain com.intellij.rt.execution.junit.JUnitStarter -ideVersion5 com.aizone.blockchain.pow.PowTest,main
java_class_path (initial): /opt/idea-java/lib/idea_rt.jar:/opt/idea-java/plugins/junit/lib/junit-rt.jar:/opt/jdk/jre/lib/charsets.jar:/opt/jdk/jre/lib/deploy.jar:/opt/jdk/jre/lib/ext/cldrdata.jar:/opt/jdk/jre/lib/ext/dnsns.jar:/opt/jdk/jre/lib/ext/jaccess.jar:/opt/jdk/jre/lib/ext/jfxrt.jar:/opt/jdk/jre/lib/ext/localedata.jar:/opt/jdk/jre/lib/ext/nashorn.jar:/opt/jdk/jre/lib/ext/sunec.jar:/opt/jdk/jre/lib/ext/sunjce_provider.jar:/opt/jdk/jre/lib/ext/sunpkcs11.jar:/opt/jdk/jre/lib/ext/zipfs.jar:/opt/jdk/jre/lib/javaws.jar:/opt/jdk/jre/lib/jce.jar:/opt/jdk/jre/lib/jfr.jar:/opt/jdk/jre/lib/jfxswt.jar:/opt/jdk/jre/lib/jsse.jar:/opt/jdk/jre/lib/management-agent.jar:/opt/jdk/jre/lib/plugin.jar:/opt/jdk/jre/lib/resources.jar:/opt/jdk/jre/lib/rt.jar:/javaweb/blockchain/target/test-classes:/javaweb/blockchain/target/classes:/opt/maven/repository/org/springframework/boot/spring-boot-starter-web/2.0.1.RELEASE/spring-boot-starter-web-2.0.1.RELEASE.jar:/opt/maven/repository/org/springframework/boot/spring-boot-starter/2.0.1.RELEASE/spring-boot-starter-2.0.1.RELEASE.jar:/opt/maven/repository/org/springframework/boot/spring-boot-starter-logging/2.0.1.RELEASE/spring-boot-starter-logging-2.0.1.RELEASE.jar:/opt/maven/repository/ch/qos/logback/logback-classic/1.2.3/logback-classic-1.2.3.jar:/opt/maven/repository/ch/qos/logback/logback-core/1.2.3/logback-core-1.2.3.jar:/opt/maven/repository/org/apache/logging/log4j/log4j-to-slf4j/2.10.0/log4j-to-slf4j-2.10.0.jar:/opt/maven/repository/org/apache/logging/log4j/log4j-api/2.10.0/log4j-api-2.10.0.jar:/opt/maven/repository/org/slf4j/jul-to-slf4j/1.7.25/jul-to-slf4j-1.7.25.jar:/opt/maven/repository/javax/annotation/javax.annotation-api/1.3.2/javax.annotation-api-1.3.2.jar:/opt/maven/repository/org/yaml/snakeyaml/1.19/snakeyaml-1.19.jar:/opt/maven/repository/org/springframework/boot/spring-boot-starter-json/2.0.1.RELEASE/spring-boot-starter-json-2.0.1.RELEASE.jar:/opt/maven/repository/com/fasterxml/jackson/core/jackson-databind/2.9.5/jackson-
Launcher Type: SUN_STANDARD

Environment Variables:
JAVA_HOME=/opt/jdk
JRE_HOME=/opt/jdk/jre
CLASSPATH=/opt/idea-java/lib/bootstrap.jar:/opt/idea-java/lib/extensions.jar:/opt/idea-java/lib/util.jar:/opt/idea-java/lib/jdom.jar:/opt/idea-java/lib/log4j.jar:/opt/idea-java/lib/trove4j.jar:/opt/idea-java/lib/jna.jar:/opt/idea-java/jre/lib/tools.jar
PATH=/opt/Android/Sdk/tools:/opt/Android/Sdk/platform-tools:/usr/local/sbin:/usr/local/bin:/usr/sbin:/usr/bin:/sbin:/bin:/usr/games:/usr/local/games:/snap/bin:/opt/jdk/bin:/usr/local/nodejs/bin:/opt/maven/bin:/opt/zookeeper/bin:/usr/local/go/bin
LD_LIBRARY_PATH=/opt/idea-java/bin:
SHELL=/bin/bash
DISPLAY=:0

Signal Handlers:
SIGSEGV: [libjvm.so+0xacbe10], sa_mask[0]=11111111011111111101111111111110, sa_flags=SA_RESTART|SA_SIGINFO
SIGBUS: [libjvm.so+0xacbe10], sa_mask[0]=11111111011111111101111111111110, sa_flags=SA_RESTART|SA_SIGINFO
SIGFPE: [libjvm.so+0x924f90], sa_mask[0]=11111111011111111101111111111110, sa_flags=SA_RESTART|SA_SIGINFO
SIGPIPE: [libjvm.so+0x924f90], sa_mask[0]=11111111011111111101111111111110, sa_flags=SA_RESTART|SA_SIGINFO
SIGXFSZ: [libjvm.so+0x924f90], sa_mask[0]=11111111011111111101111111111110, sa_flags=SA_RESTART|SA_SIGINFO
SIGILL: [libjvm.so+0x924f90], sa_mask[0]=11111111011111111101111111111110, sa_flags=SA_RESTART|SA_SIGINFO
SIGUSR1: SIG_DFL, sa_mask[0]=00000000000000000000000000000000, sa_flags=none
SIGUSR2: [libjvm.so+0x9267d0], sa_mask[0]=00100000000000000000000000000000, sa_flags=SA_RESTART|SA_SIGINFO
SIGHUP: [libjvm.so+0x927bd0], sa_mask[0]=11111111011111111101111111111110, sa_flags=SA_RESTART|SA_SIGINFO
SIGINT: [libjvm.so+0x927bd0], sa_mask[0]=11111111011111111101111111111110, sa_flags=SA_RESTART|SA_SIGINFO
SIGTERM: [libjvm.so+0x927bd0], sa_mask[0]=11111111011111111101111111111110, sa_flags=SA_RESTART|SA_SIGINFO
SIGQUIT: [libjvm.so+0x927bd0], sa_mask[0]=11111111011111111101111111111110, sa_flags=SA_RESTART|SA_SIGINFO


---------------  S Y S T E M  ---------------

OS:DISTRIB_ID=Ubuntu
DISTRIB_RELEASE=16.04
DISTRIB_CODENAME=xenial
DISTRIB_DESCRIPTION="Ubuntu 16.04.3 LTS"

uname:Linux 4.10.0-42-generic #46~16.04.1-Ubuntu SMP Mon Dec 4 15:57:59 UTC 2017 x86_64
libc:glibc 2.23 NPTL 2.23 
rlimit: STACK 8192k, CORE 0k, NPROC 63310, NOFILE 1048576, AS infinity
load average:0.68 0.45 0.47

/proc/meminfo:
MemTotal:       16252076 kB
MemFree:          154924 kB
MemAvailable:     130708 kB
Buffers:           10640 kB
Cached:           916280 kB
SwapCached:            0 kB
Active:         10448152 kB
Inactive:         826840 kB
Active(anon):   10348620 kB
Inactive(anon):   735656 kB
Active(file):      99532 kB
Inactive(file):    91184 kB
Unevictable:         524 kB
Mlocked:             524 kB
SwapTotal:             0 kB
SwapFree:              0 kB
Dirty:             11400 kB
Writeback:             0 kB
AnonPages:      10349508 kB
Mapped:          4778388 kB
Shmem:            735476 kB
Slab:             227492 kB
SReclaimable:      75624 kB
SUnreclaim:       151868 kB
KernelStack:       19280 kB
PageTables:       102692 kB
NFS_Unstable:          0 kB
Bounce:                0 kB
WritebackTmp:          0 kB
CommitLimit:     8126036 kB
Committed_AS:   23277844 kB
VmallocTotal:   34359738367 kB
VmallocUsed:           0 kB
VmallocChunk:          0 kB
HardwareCorrupted:     0 kB
AnonHugePages:   4915200 kB
ShmemHugePages:        0 kB
ShmemPmdMapped:        0 kB
CmaTotal:              0 kB
CmaFree:               0 kB
HugePages_Total:       0
HugePages_Free:        0
HugePages_Rsvd:        0
HugePages_Surp:        0
Hugepagesize:       2048 kB
DirectMap4k:     1302540 kB
DirectMap2M:    14245888 kB
DirectMap1G:     1048576 kB


CPU:total 8 (initial active 8) (4 cores per cpu, 2 threads per core) family 6 model 60 stepping 3, cmov, cx8, fxsr, mmx, sse, sse2, sse3, ssse3, sse4.1, sse4.2, popcnt, avx, avx2, aes, clmul, erms, lzcnt, ht, tsc, tscinvbit, bmi1, bmi2

/proc/cpuinfo:
processor	: 0
vendor_id	: GenuineIntel
cpu family	: 6
model		: 60
model name	: Intel(R) Core(TM) i7-4710MQ CPU @ 2.50GHz
stepping	: 3
microcode	: 0x17
cpu MHz		: 3372.802
cache size	: 6144 KB
physical id	: 0
siblings	: 8
core id		: 0
cpu cores	: 4
apicid		: 0
initial apicid	: 0
fpu		: yes
fpu_exception	: yes
cpuid level	: 13
wp		: yes
flags		: fpu vme de pse tsc msr pae mce cx8 apic sep mtrr pge mca cmov pat pse36 clflush dts acpi mmx fxsr sse sse2 ss ht tm pbe syscall nx pdpe1gb rdtscp lm constant_tsc arch_perfmon pebs bts rep_good nopl xtopology nonstop_tsc aperfmperf pni pclmulqdq dtes64 monitor ds_cpl vmx est tm2 ssse3 sdbg fma cx16 xtpr pdcm pcid sse4_1 sse4_2 movbe popcnt tsc_deadline_timer aes xsave avx f16c rdrand lahf_lm abm epb tpr_shadow vnmi flexpriority ept vpid fsgsbase tsc_adjust bmi1 avx2 smep bmi2 erms invpcid xsaveopt dtherm ida arat pln pts
bugs		:
bogomips	: 4988.60
clflush size	: 64
cache_alignment	: 64
address sizes	: 39 bits physical, 48 bits virtual
power management:

processor	: 1
vendor_id	: GenuineIntel
cpu family	: 6
model		: 60
model name	: Intel(R) Core(TM) i7-4710MQ CPU @ 2.50GHz
stepping	: 3
microcode	: 0x17
cpu MHz		: 3299.865
cache size	: 6144 KB
physical id	: 0
siblings	: 8
core id		: 1
cpu cores	: 4
apicid		: 2
initial apicid	: 2
fpu		: yes
fpu_exception	: yes
cpuid level	: 13
wp		: yes
flags		: fpu vme de pse tsc msr pae mce cx8 apic sep mtrr pge mca cmov pat pse36 clflush dts acpi mmx fxsr sse sse2 ss ht tm pbe syscall nx pdpe1gb rdtscp lm constant_tsc arch_perfmon pebs bts rep_good nopl xtopology nonstop_tsc aperfmperf pni pclmulqdq dtes64 monitor ds_cpl vmx est tm2 ssse3 sdbg fma cx16 xtpr pdcm pcid sse4_1 sse4_2 movbe popcnt tsc_deadline_timer aes xsave avx f16c rdrand lahf_lm abm epb tpr_shadow vnmi flexpriority ept vpid fsgsbase tsc_adjust bmi1 avx2 smep bmi2 erms invpcid xsaveopt dtherm ida arat pln pts
bugs		:
bogomips	: 4988.60
clflush size	: 64
cache_alignment	: 64
address sizes	: 39 bits physical, 48 bits virtual
power management:

processor	: 2
vendor_id	: GenuineIntel
cpu family	: 6
model		: 60
model name	: Intel(R) Core(TM) i7-4710MQ CPU @ 2.50GHz
stepping	: 3
microcode	: 0x17
cpu MHz		: 3299.865
cache size	: 6144 KB
physical id	: 0
siblings	: 8
core id		: 2
cpu cores	: 4
apicid		: 4
initial apicid	: 4
fpu		: yes
fpu_exception	: yes
cpuid level	: 13
wp		: yes
flags		: fpu vme de pse tsc msr pae mce cx8 apic sep mtrr pge mca cmov pat pse36 clflush dts acpi mmx fxsr sse sse2 ss ht tm pbe syscall nx pdpe1gb rdtscp lm constant_tsc arch_perfmon pebs bts rep_good nopl xtopology nonstop_tsc aperfmperf pni pclmulqdq dtes64 monitor ds_cpl vmx est tm2 ssse3 sdbg fma cx16 xtpr pdcm pcid sse4_1 sse4_2 movbe popcnt tsc_deadline_timer aes xsave avx f16c rdrand lahf_lm abm epb tpr_shadow vnmi flexpriority ept vpid fsgsbase tsc_adjust bmi1 avx2 smep bmi2 erms invpcid xsaveopt dtherm ida arat pln pts
bugs		:
bogomips	: 4988.60
clflush size	: 64
cache_alignment	: 64
address sizes	: 39 bits physical, 48 bits virtual
power management:

processor	: 3
vendor_id	: GenuineIntel
cpu family	: 6
model		: 60
model name	: Intel(R) Core(TM) i7-4710MQ CPU @ 2.50GHz
stepping	: 3
microcode	: 0x17
cpu MHz		: 3372.802
cache size	: 6144 KB
physical id	: 0
siblings	: 8
core id		: 3
cpu cores	: 4
apicid		: 6
initial apicid	: 6
fpu		: yes
fpu_exception	: yes
cpuid level	: 13
wp		: yes
flags		: fpu vme de pse tsc msr pae mce cx8 apic sep mtrr pge mca cmov pat pse36 clflush dts acpi mmx fxsr sse sse2 ss ht tm pbe syscall nx pdpe1gb rdtscp lm constant_tsc arch_perfmon pebs bts rep_good nopl xtopology nonstop_tsc aperfmperf pni pclmulqdq dtes64 monitor ds_cpl vmx est tm2 ssse3 sdbg fma cx16 xtpr pdcm pcid sse4_1 sse4_2 movbe popcnt tsc_deadline_timer aes xsave avx f16c rdrand lahf_lm abm epb tpr_shadow vnmi flexpriority ept vpid fsgsbase tsc_adjust bmi1 avx2 smep bmi2 erms invpcid xsaveopt dtherm ida arat pln pts
bugs		:
bogomips	: 4988.60
clflush size	: 64
cache_alignment	: 64
address sizes	: 39 bits physical, 48 bits virtual
power management:

processor	: 4
vendor_id	: GenuineIntel
cpu family	: 6
model		: 60
model name	: Intel(R) Core(TM) i7-4710MQ CPU @ 2.50GHz
stepping	: 3
microcode	: 0x17
cpu MHz		: 3312.225
cache size	: 6144 KB
physical id	: 0
siblings	: 8
core id		: 0
cpu cores	: 4
apicid		: 1
initial apicid	: 1
fpu		: yes
fpu_exception	: yes
cpuid level	: 13
wp		: yes
flags		: fpu vme de pse tsc msr pae mce cx8 apic sep mtrr pge mca cmov pat pse36 clflush dts acpi mmx fxsr sse sse2 ss ht tm pbe syscall nx pdpe1gb rdtscp lm constant_tsc arch_perfmon pebs bts rep_good nopl xtopology nonstop_tsc aperfmperf pni pclmulqdq dtes64 monitor ds_cpl vmx est tm2 ssse3 sdbg fma cx16 xtpr pdcm pcid sse4_1 sse4_2 movbe popcnt tsc_deadline_timer aes xsave avx f16c rdrand lahf_lm abm epb tpr_shadow vnmi flexpriority ept vpid fsgsbase tsc_adjust bmi1 avx2 smep bmi2 erms invpcid xsaveopt dtherm ida arat pln pts
bugs		:
bogomips	: 4988.60
clflush size	: 64
cache_alignment	: 64
address sizes	: 39 bits physical, 48 bits virtual
power management:

processor	: 5
vendor_id	: GenuineIntel
cpu family	: 6
model		: 60
model name	: Intel(R) Core(TM) i7-4710MQ CPU @ 2.50GHz
stepping	: 3
microcode	: 0x17
cpu MHz		: 3309.478
cache size	: 6144 KB
physical id	: 0
siblings	: 8
core id		: 1
cpu cores	: 4
apicid		: 3
initial apicid	: 3
fpu		: yes
fpu_exception	: yes
cpuid level	: 13
wp		: yes
flags		: fpu vme de pse tsc msr pae mce cx8 apic sep mtrr pge mca cmov pat pse36 clflush dts acpi mmx fxsr sse sse2 ss ht tm pbe syscall nx pdpe1gb rdtscp lm constant_tsc arch_perfmon pebs bts rep_good nopl xtopology nonstop_tsc aperfmperf pni pclmulqdq dtes64 monitor ds_cpl vmx est tm2 ssse3 sdbg fma cx16 xtpr pdcm pcid sse4_1 sse4_2 movbe popcnt tsc_deadline_timer aes xsave avx f16c rdrand lahf_lm abm epb tpr_shadow vnmi flexpriority ept vpid fsgsbase tsc_adjust bmi1 avx2 smep bmi2 erms invpcid xsaveopt dtherm ida arat pln pts
bugs		:
bogomips	: 4988.60
clflush size	: 64
cache_alignment	: 64
address sizes	: 39 bits physical, 48 bits virtual
power management:

processor	: 6
vendor_id	: GenuineIntel
cpu family	: 6
model		: 60
model name	: Intel(R) Core(TM) i7-4710MQ CPU @ 2.50GHz
stepping	: 3
microcode	: 0x17
cpu MHz		: 3300.323
cache size	: 6144 KB
physical id	: 0
siblings	: 8
core id		: 2
cpu cores	: 4
apicid		: 5
initial apicid	: 5
fpu		: yes
fpu_exception	: yes
cpuid level	: 13
wp		: yes
flags		: fpu vme de pse tsc msr pae mce cx8 apic sep mtrr pge mca cmov pat pse36 clflush dts acpi mmx fxsr sse sse2 ss ht tm pbe syscall nx pdpe1gb rdtscp lm constant_tsc arch_perfmon pebs bts rep_good nopl xtopology nonstop_tsc aperfmperf pni pclmulqdq dtes64 monitor ds_cpl vmx est tm2 ssse3 sdbg fma cx16 xtpr pdcm pcid sse4_1 sse4_2 movbe popcnt tsc_deadline_timer aes xsave avx f16c rdrand lahf_lm abm epb tpr_shadow vnmi flexpriority ept vpid fsgsbase tsc_adjust bmi1 avx2 smep bmi2 erms invpcid xsaveopt dtherm ida arat pln pts
bugs		:
bogomips	: 4988.60
clflush size	: 64
cache_alignment	: 64
address sizes	: 39 bits physical, 48 bits virtual
power management:

processor	: 7
vendor_id	: GenuineIntel
cpu family	: 6
model		: 60
model name	: Intel(R) Core(TM) i7-4710MQ CPU @ 2.50GHz
stepping	: 3
microcode	: 0x17
cpu MHz		: 3302.764
cache size	: 6144 KB
physical id	: 0
siblings	: 8
core id		: 3
cpu cores	: 4
apicid		: 7
initial apicid	: 7
fpu		: yes
fpu_exception	: yes
cpuid level	: 13
wp		: yes
flags		: fpu vme de pse tsc msr pae mce cx8 apic sep mtrr pge mca cmov pat pse36 clflush dts acpi mmx fxsr sse sse2 ss ht tm pbe syscall nx pdpe1gb rdtscp lm constant_tsc arch_perfmon pebs bts rep_good nopl xtopology nonstop_tsc aperfmperf pni pclmulqdq dtes64 monitor ds_cpl vmx est tm2 ssse3 sdbg fma cx16 xtpr pdcm pcid sse4_1 sse4_2 movbe popcnt tsc_deadline_timer aes xsave avx f16c rdrand lahf_lm abm epb tpr_shadow vnmi flexpriority ept vpid fsgsbase tsc_adjust bmi1 avx2 smep bmi2 erms invpcid xsaveopt dtherm ida arat pln pts
bugs		:
bogomips	: 4988.60
clflush size	: 64
cache_alignment	: 64
address sizes	: 39 bits physical, 48 bits virtual
power management:



Memory: 4k page, physical 16252076k(156224k free), swap 0k(0k free)

vm_info: Java HotSpot(TM) 64-Bit Server VM (25.151-b12) for linux-amd64 JRE (1.8.0_151-b12), built on Sep  5 2017 19:20:58 by "java_re" with gcc 4.3.0 20080428 (Red Hat 4.3.0-8)

time: Fri Apr 13 14:30:44 2018
elapsed time: 1 seconds (0d 0h 0m 1s)

